<?xml version="1.0" encoding="UTF-8"?><testrun name="TestRunner" project="CDMProject" tests="1" started="1" failures="0" errors="1" ignored="0">
  <testsuite name="com.cdm.runner.TestRunner" time="33.963">
    <testsuite name="EDGE Devices" time="33.963">
      <testcase name="TC76_Verification of Environmental variable search Functionality" classname="EDGE Devices" time="33.963">
        <error>io.cucumber.junit.UndefinedStepException: The step 'Click on search icon of configName Config value' is undefined.
You can implement this step using the snippet(s) below:

@Then("Click on search icon of configName Config value")
public void click_on_search_icon_of_config_name_config_value() {
    // Write code here that turns the phrase above into concrete actions
    throw new io.cucumber.java.PendingException();
}
&#13;
&#13;
</error>
      </testcase>
    </testsuite>
  </testsuite>
</testrun>
