<?xml version="1.0" encoding="UTF-8"?><testrun name="TestRunner" project="CDMProject" tests="2" started="2" failures="1" errors="1" ignored="0">
  <testsuite name="com.cdm.runner.TestRunner" time="30.079">
    <testsuite name="EDGE Devices" time="30.079">
      <testcase name="TC36_Verification of Add screen of EDGE Device module" classname="EDGE Devices" time="27.686">
        <failure>
          <expected>EDGE Devices &gt;Add</expected>
          <actual>Add</actual>
          org.junit.ComparisonFailure: EDGE &gt; ADD  expected:&lt;[EDGE Devices &gt;]Add&gt; but was:&lt;[]Add&gt;&#13;
	at org.junit.Assert.assertEquals(Assert.java:117)&#13;
	at com.cdm.Stepdefinitions.EDGEDevicesSteps.click_on_add_new_button_on_the_top_right_side_landed_on_edge_add_screen(EDGEDevicesSteps.java:258)&#13;
	at ✽.Click on ADD New button on the top right side &amp; landed on EDGE &gt; ADD Screen(file:///E:/Devendra/cdm/CDMCucumber/CDMProject/src/test/resources/Features/EDGEDevices.feature:275)&#13;
&#13;

        </failure>
      </testcase>
      <testcase name="TC57_Verification of Viewing of all the steppers &amp; select the application to deploy application in Individual EDGE Device" classname="EDGE Devices" time="2.391">
        <error>java.lang.NullPointerException: Cannot invoke "java.util.Map.get(Object)" because the return value of "java.util.Map.get(Object)" is null&#13;
	at com.cdm.Stepdefinitions.Common.user_launch_application_in_chrome_browser(Common.java:51)&#13;
	at ✽.User launch application in chrome browser(file:///E:/Devendra/cdm/CDMCucumber/CDMProject/src/test/resources/Features/EDGEDevices.feature:495)&#13;
&#13;
</error>
      </testcase>
    </testsuite>
  </testsuite>
</testrun>
