<?xml version="1.0" encoding="UTF-8"?><testrun name="TestRunner" project="CDMProject" tests="1" started="1" failures="0" errors="1" ignored="0">
  <testsuite name="com.cdm.runner.TestRunner" time="0.118">
    <testsuite name="EDGE Devices" time="0.118">
      <testcase name="TC33_Verification of the display of search bar and text for all columns in the EDGE Device list screen" classname="EDGE Devices" time="0.118">
        <error>io.cucumber.junit.UndefinedStepException: The step 'User launch application in chrome browser' and 2 other step(s) are undefined.
You can implement these steps using the snippet(s) below:

@Given("User launch application in chrome browser")
public void user_launch_application_in_chrome_browser() {
    // Write code here that turns the phrase above into concrete actions
    throw new io.cucumber.java.PendingException();
}
@When("user enters credentials and click on login button")
public void user_enters_credentials_and_click_on_login_button() {
    // Write code here that turns the phrase above into concrete actions
    throw new io.cucumber.java.PendingException();
}
@Then("Click on EDGE Device module from side menu bar Click on search icon i.e. three dots &amp; search text field visible with cursor")
public void click_on_edge_device_module_from_side_menu_bar_click_on_search_icon_i_e_three_dots_search_text_field_visible_with_cursor() {
    // Write code here that turns the phrase above into concrete actions
    throw new io.cucumber.java.PendingException();
}
&#13;
&#13;
</error>
      </testcase>
    </testsuite>
  </testsuite>
</testrun>
