<?xml version="1.0" encoding="UTF-8"?><testrun name="TestRunner" project="CDMProject" tests="1" started="1" failures="0" errors="1" ignored="0">
  <testsuite name="com.cdm.runner.TestRunner" time="18.926">
    <testsuite name="EDGE Devices" time="18.926">
      <testcase name="TC28_Verification of the search functionality for App Group column" classname="EDGE Devices" time="18.926">
        <error>io.cucumber.junit.UndefinedStepException: The step 'Click on three dots &amp; enter Valid inputs into search text field.' is undefined.
You can implement this step using the snippet(s) below:

@Then("Click on three dots &amp; enter Valid inputs into search text field.")
public void click_on_three_dots_enter_valid_inputs_into_search_text_field() {
    // Write code here that turns the phrase above into concrete actions
    throw new io.cucumber.java.PendingException();
}
&#13;
&#13;
</error>
      </testcase>
    </testsuite>
  </testsuite>
</testrun>
