<?xml version="1.0" encoding="UTF-8"?><testrun name="TestRunner" project="CDMProject" tests="2" started="2" failures="0" errors="1" ignored="0">
  <testsuite name="com.cdm.runner.TestRunner" time="46.745">
    <testsuite name="EDGE Devices" time="46.745">
      <testcase name="TC36_Verification of Add screen of EDGE Device module" classname="EDGE Devices" time="24.905"/>
      <testcase name="TC57_Verification of Viewing of all the steppers &amp; select the application to deploy application in Individual EDGE Device" classname="EDGE Devices" time="21.84">
        <error>io.cucumber.junit.UndefinedStepException: The step 'Click on Deploy apps button on the Actions column' and 1 other step(s) are undefined.
You can implement these steps using the snippet(s) below:

@Then("Click on Deploy apps button on the Actions column")
public void click_on_deploy_apps_button_on_the_actions_column() {
    // Write code here that turns the phrase above into concrete actions
    throw new io.cucumber.java.PendingException();
}
@Then("landed on EDGE&gt;Application Deployment screen")
public void landed_on_edge_application_deployment_screen() {
    // Write code here that turns the phrase above into concrete actions
    throw new io.cucumber.java.PendingException();
}
&#13;
&#13;
</error>
      </testcase>
    </testsuite>
  </testsuite>
</testrun>
