<?xml version="1.0" encoding="UTF-8"?><testrun name="TestRunner" project="CDMProject" tests="1" started="1" failures="0" errors="1" ignored="0">
  <testsuite name="com.cdm.runner.TestRunner" time="18.657">
    <testsuite name="EDGE Devices" time="18.657">
      <testcase name="TC34_Verification of the removal of search results and text for all columns in the EDGE Device screen" classname="EDGE Devices" time="18.657">
        <error>io.cucumber.junit.UndefinedStepException: The step 'Click on search icon i.e. three dots &amp; search text field visible' is undefined.
You can implement this step using the snippet(s) below:

@Then("Click on search icon i.e. three dots &amp; search text field visible")
public void click_on_search_icon_i_e_three_dots_search_text_field_visible() {
    // Write code here that turns the phrase above into concrete actions
    throw new io.cucumber.java.PendingException();
}
&#13;
&#13;
</error>
      </testcase>
    </testsuite>
  </testsuite>
</testrun>
