-------------------------------------------------------------------------------
Test set: com.cdm.runner.TestRunner
-------------------------------------------------------------------------------
Tests run: 3, Failures: 0, Errors: 1, Skipped: 0, Time elapsed: 66.00 s <<< FAILURE! -- in com.cdm.runner.TestRunner
VOLUMES.TC19_Verification of tooltip functionality for Bell icon in Volume>add by Super admin #2 -- Time elapsed: 20.83 s <<< ERROR!
io.cucumber.junit.UndefinedStepException: 
The step 'verify tooltip for Bell icon' is undefined.
You can implement this step using the snippet(s) below:

@Then("verify tooltip for Bell icon")
public void verify_tooltip_for_bell_icon() {
    // Write code here that turns the phrase above into concrete actions
    throw new io.cucumber.java.PendingException();
}


