<?xml version="1.0" encoding="UTF-8"?>
<testsuite xmlns:xsi="http://www.w3.org/2001/XMLSchema-instance" xsi:noNamespaceSchemaLocation="https://maven.apache.org/surefire/maven-surefire-plugin/xsd/surefire-test-report-3.0.xsd" version="3.0" name="com.cdm.runner.TestRunner" time="66.002" tests="3" errors="1" skipped="0" failures="0">
  <properties>
[...]
</properties>
  <testcase name="TC18_Verification of the display of English (US) Tooltip  options in Volume &gt; ADD screen" classname="VOLUMES" time="24.334">
    <system-out><![CDATA[
@SheetVOLUMES @Test
Scenario: TC18_Verification of the display of English (US) Tooltip  options in Volume > ADD screen &amp#27;[90m# src/test/resources/Features/Volumes.feature:164&amp#27;[0m
I am tag Name@SheetVOLUMES
I am in SheetVOLUMES
I am tag Name@Test
{TC52_Verification of breaching the Max word limit in Architacture nameText field in Volume> Add screen by Super Admin={RepositoryLinkAdd=, LicenseTypeAdd=, MountDirectoryAdd=, ArchitectureAdd=, VersionTagSearch=, ArchitetureSearch=, Url=#/auth/login, TC Description=Verification of breaching the Max word limit in Architacture nameText field in Volume> Add screen by Super Admin, VolumeNameAdd=, VersionTagAdd=, SHAKeyAdd=, TCName=TC52_Verification of breaching the Max word limit in Architacture nameText field in Volume> Add screen by Super Admin, Userid=devendar.malothu@weatherford.com, MaxSizeAdd=, TypeAdd=, VolumeNameSearch=, Password=Chittu@123, RepositoryNameAdd=}, ={RepositoryLinkAdd=, LicenseTypeAdd=, MountDirectoryAdd=, ArchitectureAdd=, VersionTagSearch=, ArchitetureSearch=, Url=#/auth/login, TC Description=Delete hardware functionality test, VolumeNameAdd=, VersionTagAdd=, SHAKeyAdd=, TCName=, Userid=devendar.malothu@weatherford.com, MaxSizeAdd=, TypeAdd=, VolumeNameSearch=, Password=Chittu@123, RepositoryNameAdd=}, TC13_Verification of Type text field Tool tip functionality in the Volume > ADD screen by Super admin={RepositoryLinkAdd=, LicenseTypeAdd=, MountDirectoryAdd=, ArchitectureAdd=, VersionTagSearch=, ArchitetureSearch=, Url=#/auth/login, TC Description=Verification of Type text field Tool tip functionality in the Volume > ADD screen by Super admin, VolumeNameAdd=, VersionTagAdd=, SHAKeyAdd=, TCName=TC13_Verification of Type text field Tool tip functionality in the Volume > ADD screen by Super admin, Userid=devendar.malothu@weatherford.com, MaxSizeAdd=, TypeAdd=, VolumeNameSearch=, Password=Chittu@123, RepositoryNameAdd=}, TC11_Verification of License Type text field Tool tip functionality in the Volume > ADD screen by Super admin={RepositoryLinkAdd=, LicenseTypeAdd=, MountDirectoryAdd=, ArchitectureAdd=, VersionTagSearch=, ArchitetureSearch=, Url=#/auth/login, TC Description=Verification of License Type text field Tool tip functionality in the Volume > ADD screen by Super admin, VolumeNameAdd=, VersionTagAdd=, SHAKeyAdd=, TCName=TC11_Verification of License Type text field Tool tip functionality in the Volume > ADD screen by Super admin, Userid=devendar.malothu@weatherford.com, MaxSizeAdd=, TypeAdd=, VolumeNameSearch=, Password=Chittu@123, RepositoryNameAdd=}, TC47_Verification of breaching the Max word limit in Repository Link nameText field in Volume> Add screen by Super Admin={RepositoryLinkAdd=, LicenseTypeAdd=, MountDirectoryAdd=, ArchitectureAdd=, VersionTagSearch=, ArchitetureSearch=, Url=#/auth/login, TC Description=Verification of breaching the Max word limit in Repository Link nameText field in Volume> Add screen by Super Admin, VolumeNameAdd=, VersionTagAdd=, SHAKeyAdd=, TCName=TC47_Verification of breaching the Max word limit in Repository Link nameText field in Volume> Add screen by Super Admin, Userid=devendar.malothu@weatherford.com, MaxSizeAdd=, TypeAdd=, VolumeNameSearch=, Password=Chittu@123, RepositoryNameAdd=}, TC22_Verification of dropdown functionality for Profile icon in Volume> ADD by Super admin/Admin user={RepositoryLinkAdd=, LicenseTypeAdd=, MountDirectoryAdd=, ArchitectureAdd=, VersionTagSearch=, ArchitetureSearch=, Url=#/auth/login, TC Description=Verification of dropdown functionality for Profile icon in Volume> ADD by Super admin/Admin user, VolumeNameAdd=, VersionTagAdd=, SHAKeyAdd=, TCName=TC22_Verification of dropdown functionality for Profile icon in Volume> ADD by Super admin/Admin user, Userid=devendar.malothu@weatherford.com, MaxSizeAdd=, TypeAdd=, VolumeNameSearch=, Password=Chittu@123, RepositoryNameAdd=}, TC51_Verification of breaching the Max word limit in Version/Tag Text field in Volume> Add screen by Super Admin={RepositoryLinkAdd=, LicenseTypeAdd=, MountDirectoryAdd=, ArchitectureAdd=, VersionTagSearch=, ArchitetureSearch=, Url=#/auth/login, TC Description=Verification of breaching the Max word limit in Version/Tag Text field in Volume> Add screen by Super Admin, VolumeNameAdd=, VersionTagAdd=, SHAKeyAdd=, TCName=TC51_Verification of breaching the Max word limit in Version/Tag Text field in Volume> Add screen by Super Admin, Userid=devendar.malothu@weatherford.com, MaxSizeAdd=, TypeAdd=, VolumeNameSearch=, Password=Chittu@123, RepositoryNameAdd=}, TC39_Verification of the acceptance of Aplphanumeric & special characters in Architecture Text field in the Volume >Add screen by Super Admin={RepositoryLinkAdd=, LicenseTypeAdd=, MountDirectoryAdd=, ArchitectureAdd=, VersionTagSearch=, ArchitetureSearch=, Url=#/auth/login, TC Description=Verification of the acceptance of Aplphanumeric & special characters in Architecture Text field in the Volume >Add screen by Super Admin, VolumeNameAdd=, VersionTagAdd=, SHAKeyAdd=, TCName=TC39_Verification of the acceptance of Aplphanumeric & special characters in Architecture Text field in the Volume >Add screen by Super Admin, Userid=devendar.malothu@weatherford.com, MaxSizeAdd=, TypeAdd=, VolumeNameSearch=, Password=Chittu@123, RepositoryNameAdd=}, TC17_Verification of Max Size text field Tool tip functionality in the Volume > ADD screen by Super admin={RepositoryLinkAdd=, LicenseTypeAdd=, MountDirectoryAdd=, ArchitectureAdd=, VersionTagSearch=, ArchitetureSearch=, Url=#/auth/login, TC Description=Verification of Max Size text field Tool tip functionality in the Volume > ADD screen by Super admin, VolumeNameAdd=, VersionTagAdd=, SHAKeyAdd=, TCName=TC17_Verification of Max Size text field Tool tip functionality in the Volume > ADD screen by Super admin, Userid=devendar.malothu@weatherford.com, MaxSizeAdd=, TypeAdd=, VolumeNameSearch=, Password=Chittu@123, RepositoryNameAdd=}, TC01_Verification of Browser Compatibility of Volume module of the application={RepositoryLinkAdd=, LicenseTypeAdd=, MountDirectoryAdd=, ArchitectureAdd=, VersionTagSearch=, ArchitetureSearch=, Url=#/auth/login, TC Description=Verification of Browser Compatibility of Volume module of the application, VolumeNameAdd=, VersionTagAdd=, SHAKeyAdd=, TCName=TC01_Verification of Browser Compatibility of Volume module of the application, Userid=devendar.malothu@weatherford.com, MaxSizeAdd=, TypeAdd=, VolumeNameSearch=, Password=Chittu@123, RepositoryNameAdd=}, TC34_Verification of the acceptance of Type using dropdown Text field in the Volume >Add screen by Super Admin={RepositoryLinkAdd=, LicenseTypeAdd=, MountDirectoryAdd=, ArchitectureAdd=, VersionTagSearch=, ArchitetureSearch=, Url=#/auth/login, TC Description=Verification of the acceptance of Type using dropdown Text field in the Volume >Add screen by Super Admin, VolumeNameAdd=, VersionTagAdd=, SHAKeyAdd=, TCName=TC34_Verification of the acceptance of Type using dropdown Text field in the Volume >Add screen by Super Admin, Userid=devendar.malothu@weatherford.com, MaxSizeAdd=, TypeAdd=, VolumeNameSearch=, Password=Chittu@123, RepositoryNameAdd=}, TC36_Verification of the acceptance of Aplphanumeric & special characters in License Type Text field in the Volume >Add screen by Super Admin={RepositoryLinkAdd=, LicenseTypeAdd=, MountDirectoryAdd=, ArchitectureAdd=, VersionTagSearch=, ArchitetureSearch=, Url=#/auth/login, TC Description=Verification of the acceptance of Aplphanumeric & special characters in License Type Text field in the Volume >Add screen by Super Admin, VolumeNameAdd=, VersionTagAdd=, SHAKeyAdd=, TCName=TC36_Verification of the acceptance of Aplphanumeric & special characters in License Type Text field in the Volume >Add screen by Super Admin, Userid=devendar.malothu@weatherford.com, MaxSizeAdd=, TypeAdd=, VolumeNameSearch=, Password=Chittu@123, RepositoryNameAdd=}, TC05_Verification of viewing the Volume table details by Super admin/admin user={RepositoryLinkAdd=, LicenseTypeAdd=, MountDirectoryAdd=, ArchitectureAdd=, VersionTagSearch=, ArchitetureSearch=, Url=#/auth/login, TC Description=Verification of viewing the Volume table details by Super admin/admin user, VolumeNameAdd=, VersionTagAdd=, SHAKeyAdd=, TCName=TC05_Verification of viewing the Volume table details by Super admin/admin user, Userid=devendar.malothu@weatherford.com, MaxSizeAdd=, TypeAdd=, VolumeNameSearch=, Password=Chittu@123, RepositoryNameAdd=}, TC42_Verification of display default status toggle button in Volume > Add screen by Super Admin={RepositoryLinkAdd=, LicenseTypeAdd=, MountDirectoryAdd=, ArchitectureAdd=, VersionTagSearch=, ArchitetureSearch=, Url=#/auth/login, TC Description=Verification of display default status toggle button in Volume > Add screen by Super Admin, VolumeNameAdd=, VersionTagAdd=, SHAKeyAdd=, TCName=TC42_Verification of display default status toggle button in Volume > Add screen by Super Admin, Userid=devendar.malothu@weatherford.com, MaxSizeAdd=, TypeAdd=, VolumeNameSearch=, Password=Chittu@123, RepositoryNameAdd=}, TC02_Verification of resizing the Volume module as per different zoom levels={RepositoryLinkAdd=, LicenseTypeAdd=, MountDirectoryAdd=, ArchitectureAdd=, VersionTagSearch=, ArchitetureSearch=, Url=#/auth/login, TC Description=Verification of resizing the Volume module as per different zoom levels, VolumeNameAdd=, VersionTagAdd=, SHAKeyAdd=, TCName=TC02_Verification of resizing the Volume module as per different zoom levels, Userid=devendar.malothu@weatherford.com, MaxSizeAdd=, TypeAdd=, VolumeNameSearch=, Password=Chittu@123, RepositoryNameAdd=}, TC09_Verification of Repository Name text field Tool tip functionality in the Volume > ADD screen by Super admin={RepositoryLinkAdd=, LicenseTypeAdd=, MountDirectoryAdd=, ArchitectureAdd=, VersionTagSearch=, ArchitetureSearch=, Url=#/auth/login, TC Description=Verification of Repository Name text field Tool tip functionality in the Volume > ADD screen by Super admin, VolumeNameAdd=, VersionTagAdd=, SHAKeyAdd=, TCName=TC09_Verification of Repository Name text field Tool tip functionality in the Volume > ADD screen by Super admin, Userid=devendar.malothu@weatherford.com, MaxSizeAdd=, TypeAdd=, VolumeNameSearch=, Password=Chittu@123, RepositoryNameAdd=}, TC43_Verification of color of the default Status toggle button in Volume > Add screen by Super Admin={RepositoryLinkAdd=, LicenseTypeAdd=, MountDirectoryAdd=, ArchitectureAdd=, VersionTagSearch=, ArchitetureSearch=, Url=#/auth/login, TC Description=Verification of color of the default Status toggle button in Volume > Add screen by Super Admin, VolumeNameAdd=, VersionTagAdd=, SHAKeyAdd=, TCName=TC43_Verification of color of the default Status toggle button in Volume > Add screen by Super Admin, Userid=devendar.malothu@weatherford.com, MaxSizeAdd=, TypeAdd=, VolumeNameSearch=, Password=Chittu@123, RepositoryNameAdd=}, TC55_Verification of breaching the Min word limit in Mount DirectoryText field in Volume> Add screen by Super Admin={RepositoryLinkAdd=, LicenseTypeAdd=, MountDirectoryAdd=, ArchitectureAdd=, VersionTagSearch=, ArchitetureSearch=, Url=#/auth/login, TC Description=Verification of breaching the Min word limit in Mount DirectoryText field in Volume> Add screen by Super Admin, VolumeNameAdd=, VersionTagAdd=, SHAKeyAdd=, TCName=TC55_Verification of breaching the Min word limit in Mount DirectoryText field in Volume> Add screen by Super Admin, Userid=devendar.malothu@weatherford.com, MaxSizeAdd=, TypeAdd=, VolumeNameSearch=, Password=Chittu@123, RepositoryNameAdd=}, TC06_Verification of the Add "+"button icon on top right side of Volume List screen by Super admin user={RepositoryLinkAdd=, LicenseTypeAdd=, MountDirectoryAdd=, ArchitectureAdd=, VersionTagSearch=, ArchitetureSearch=, Url=#/auth/login, TC Description=Verification of the Add "+"button icon on top right side of Volume List screen by Super admin user, VolumeNameAdd=, VersionTagAdd=, SHAKeyAdd=, TCName=TC06_Verification of the Add "+"button icon on top right side of Volume List screen by Super admin user, Userid=devendar.malothu@weatherford.com, MaxSizeAdd=, TypeAdd=, VolumeNameSearch=, Password=Chittu@123, RepositoryNameAdd=}, TC54_Verification of breaching the Min word limit in License TypeText field in Volume> Add screen by Super Admin={RepositoryLinkAdd=, LicenseTypeAdd=, MountDirectoryAdd=, ArchitectureAdd=, VersionTagSearch=, ArchitetureSearch=, Url=#/auth/login, TC Description=Verification of breaching the Min word limit in License TypeText field in Volume> Add screen by Super Admin, VolumeNameAdd=, VersionTagAdd=, SHAKeyAdd=, TCName=TC54_Verification of breaching the Min word limit in License TypeText field in Volume> Add screen by Super Admin, Userid=devendar.malothu@weatherford.com, MaxSizeAdd=, TypeAdd=, VolumeNameSearch=, Password=Chittu@123, RepositoryNameAdd=}, TC32_Verification of the acceptance of alphanumeric & Special character values in Volume NameText field in the Volume >Add screen by Super Admin={RepositoryLinkAdd=, LicenseTypeAdd=, MountDirectoryAdd=, ArchitectureAdd=, VersionTagSearch=, ArchitetureSearch=, Url=#/auth/login, TC Description=Verification of the acceptance of alphanumeric & Special character values in Volume NameText field in the Volume >Add screen by Super Admin, VolumeNameAdd=, VersionTagAdd=, SHAKeyAdd=, TCName=TC32_Verification of the acceptance of alphanumeric & Special character values in Volume NameText field in the Volume >Add screen by Super Admin, Userid=devendar.malothu@weatherford.com, MaxSizeAdd=, TypeAdd=, VolumeNameSearch=, Password=Chittu@123, RepositoryNameAdd=}, TC57_Verification of breaching the Min word limit in Architecture Text field in Volume> Add screen by Super Admin={RepositoryLinkAdd=, LicenseTypeAdd=, MountDirectoryAdd=, ArchitectureAdd=, VersionTagSearch=, ArchitetureSearch=, Url=#/auth/login, TC Description=Verification of breaching the Min word limit in Architecture Text field in Volume> Add screen by Super Admin, VolumeNameAdd=, VersionTagAdd=, SHAKeyAdd=, TCName=TC57_Verification of breaching the Min word limit in Architecture Text field in Volume> Add screen by Super Admin, Userid=devendar.malothu@weatherford.com, MaxSizeAdd=, TypeAdd=, VolumeNameSearch=, Password=Chittu@123, RepositoryNameAdd=}, TC40_Verification of the acceptance of Numericals in Max Size Text field in the Volume >Add screen by Super Admin={RepositoryLinkAdd=, LicenseTypeAdd=, MountDirectoryAdd=, ArchitectureAdd=, VersionTagSearch=, ArchitetureSearch=, Url=#/auth/login, TC Description=Verification of the acceptance of Numericals in Max Size Text field in the Volume >Add screen by Super Admin, VolumeNameAdd=, VersionTagAdd=, SHAKeyAdd=, TCName=TC40_Verification of the acceptance of Numericals in Max Size Text field in the Volume >Add screen by Super Admin, Userid=devendar.malothu@weatherford.com, MaxSizeAdd=, TypeAdd=, VolumeNameSearch=, Password=Chittu@123, RepositoryNameAdd=}, TC49_Verification of breaching the Max word limit in License Type nameText field in Volume> Add screen by Super Admin={RepositoryLinkAdd=, LicenseTypeAdd=, MountDirectoryAdd=, ArchitectureAdd=, VersionTagSearch=, ArchitetureSearch=, Url=#/auth/login, TC Description=Verification of breaching the Max word limit in License Type nameText field in Volume> Add screen by Super Admin, VolumeNameAdd=, VersionTagAdd=, SHAKeyAdd=, TCName=TC49_Verification of breaching the Max word limit in License Type nameText field in Volume> Add screen by Super Admin, Userid=devendar.malothu@weatherford.com, MaxSizeAdd=, TypeAdd=, VolumeNameSearch=, Password=Chittu@123, RepositoryNameAdd=}, TC26_Verification of viewing the Edit button screen  in the Volume module by Super admin user={RepositoryLinkAdd=, LicenseTypeAdd=, MountDirectoryAdd=, ArchitectureAdd=, VersionTagSearch=, ArchitetureSearch=, Url=#/auth/login, TC Description=Verification of viewing the Edit button screen  in the Volume module by Super admin user, VolumeNameAdd=, VersionTagAdd=, SHAKeyAdd=, TCName=TC26_Verification of viewing the Edit button screen  in the Volume module by Super admin user, Userid=devendar.malothu@weatherford.com, MaxSizeAdd=, TypeAdd=, VolumeNameSearch=, Password=Chittu@123, RepositoryNameAdd=}, TC30_Verification of redirection to Volume List screen on clicking Cancel Button in Volume > Add screen by Super Admin={RepositoryLinkAdd=, LicenseTypeAdd=, MountDirectoryAdd=, ArchitectureAdd=, VersionTagSearch=, ArchitetureSearch=, Url=#/auth/login, TC Description=Verification of redirection to Volume List screen on clicking Cancel Button in Volume > Add screen by Super Admin, VolumeNameAdd=, VersionTagAdd=, SHAKeyAdd=, TCName=TC30_Verification of redirection to Volume List screen on clicking Cancel Button in Volume > Add screen by Super Admin, Userid=devendar.malothu@weatherford.com, MaxSizeAdd=, TypeAdd=, VolumeNameSearch=, Password=Chittu@123, RepositoryNameAdd=}, TC38_Verification of the acceptance of Aplphanumeric & special characters in Version/Tag Text field in the Volume >Add screen by Super Admin={RepositoryLinkAdd=, LicenseTypeAdd=, MountDirectoryAdd=, ArchitectureAdd=, VersionTagSearch=, ArchitetureSearch=, Url=#/auth/login, TC Description=Verification of the acceptance of Aplphanumeric & special characters in Version/Tag Text field in the Volume >Add screen by Super Admin, VolumeNameAdd=, VersionTagAdd=, SHAKeyAdd=, TCName=TC38_Verification of the acceptance of Aplphanumeric & special characters in Version/Tag Text field in the Volume >Add screen by Super Admin, Userid=devendar.malothu@weatherford.com, MaxSizeAdd=, TypeAdd=, VolumeNameSearch=, Password=Chittu@123, RepositoryNameAdd=}, TC59Verify if User without entered any values in all the text fields and click on save button={RepositoryLinkAdd=, LicenseTypeAdd=, MountDirectoryAdd=, ArchitectureAdd=, VersionTagSearch=, ArchitetureSearch=, Url=#/auth/login, TC Description=Verify if User without entered any values in all the text fields and click on save button, VolumeNameAdd=, VersionTagAdd=, SHAKeyAdd=, TCName=TC59Verify if User without entered any values in all the text fields and click on save button, Userid=devendar.malothu@weatherford.com, MaxSizeAdd=, TypeAdd=, VolumeNameSearch=, Password=Chittu@123, RepositoryNameAdd=}, TC21_Verification of redirection functionality for Bell icon in Volume >ADD (Alerts record)={RepositoryLinkAdd=, LicenseTypeAdd=, MountDirectoryAdd=, ArchitectureAdd=, VersionTagSearch=, ArchitetureSearch=, Url=#/auth/login, TC Description=Verification of redirection functionality for Bell icon in Volume >ADD (Alerts record), VolumeNameAdd=, VersionTagAdd=, SHAKeyAdd=, TCName=TC21_Verification of redirection functionality for Bell icon in Volume >ADD (Alerts record), Userid=devendar.malothu@weatherford.com, MaxSizeAdd=, TypeAdd=, VolumeNameSearch=, Password=Chittu@123, RepositoryNameAdd=}, TC25_Verification of Pagination using Forward button functionality in the Volume List screen by  user={RepositoryLinkAdd=, LicenseTypeAdd=, MountDirectoryAdd=, ArchitectureAdd=, VersionTagSearch=, ArchitetureSearch=, Url=#/auth/login, TC Description=Verification of Pagination using Forward button functionality in the Volume List screen by  user, VolumeNameAdd=, VersionTagAdd=, SHAKeyAdd=, TCName=TC25_Verification of Pagination using Forward button functionality in the Volume List screen by  user, Userid=devendar.malothu@weatherford.com, MaxSizeAdd=, TypeAdd=, VolumeNameSearch=, Password=Chittu@123, RepositoryNameAdd=}, TC45_Verification of breaching the Max word limit in Volume nameText field in Volume> Add screen by Super Admin={RepositoryLinkAdd=, LicenseTypeAdd=, MountDirectoryAdd=, ArchitectureAdd=, VersionTagSearch=, ArchitetureSearch=, Url=#/auth/login, TC Description=Verification of breaching the Max word limit in Volume nameText field in Volume> Add screen by Super Admin, VolumeNameAdd=, VersionTagAdd=, SHAKeyAdd=, TCName=TC45_Verification of breaching the Max word limit in Volume nameText field in Volume> Add screen by Super Admin, Userid=devendar.malothu@weatherford.com, MaxSizeAdd=, TypeAdd=, VolumeNameSearch=, Password=Chittu@123, RepositoryNameAdd=}, TC61Verify if user fill the invalid details and click on save button in Volume>ADD screen={RepositoryLinkAdd=, LicenseTypeAdd=, MountDirectoryAdd=, ArchitectureAdd=, VersionTagSearch=, ArchitetureSearch=, Url=#/auth/login, TC Description=Verify if user fill the invalid details and click on save button in Volume>ADD screen, VolumeNameAdd=, VersionTagAdd=, SHAKeyAdd=, TCName=TC61Verify if user fill the invalid details and click on save button in Volume>ADD screen, Userid=devendar.malothu@weatherford.com, MaxSizeAdd=, TypeAdd=, VolumeNameSearch=, Password=Chittu@123, RepositoryNameAdd=}, TC07_Verification of Refreshing button functionality in the Volume List screen by Super admin/Admin user={RepositoryLinkAdd=, LicenseTypeAdd=, MountDirectoryAdd=, ArchitectureAdd=, VersionTagSearch=, ArchitetureSearch=, Url=#/auth/login, TC Description=Verification of Refreshing button functionality in the Volume List screen by Super admin/Admin user, VolumeNameAdd=, VersionTagAdd=, SHAKeyAdd=, TCName=TC07_Verification of Refreshing button functionality in the Volume List screen by Super admin/Admin user, Userid=devendar.malothu@weatherford.com, MaxSizeAdd=, TypeAdd=, VolumeNameSearch=, Password=Chittu@123, RepositoryNameAdd=}, TC18_Verification of the display of English (US) Tooltip  options in Volume > ADD screen={RepositoryLinkAdd=, LicenseTypeAdd=, MountDirectoryAdd=, ArchitectureAdd=, VersionTagSearch=, ArchitetureSearch=, Url=#/auth/login, TC Description=Verification of the display of English (US) Tooltip  options in Volume > ADD screen, VolumeNameAdd=, VersionTagAdd=, SHAKeyAdd=, TCName=TC18_Verification of the display of English (US) Tooltip  options in Volume > ADD screen, Userid=devendar.malothu@weatherford.com, MaxSizeAdd=, TypeAdd=, VolumeNameSearch=, Password=Chittu@123, RepositoryNameAdd=}, TC37_Verification of the acceptance of Aplphanumeric & special characters in Mount Directory Text field in the Volume >Add screen by Super Admin={RepositoryLinkAdd=, LicenseTypeAdd=, MountDirectoryAdd=, ArchitectureAdd=, VersionTagSearch=, ArchitetureSearch=, Url=#/auth/login, TC Description=Verification of the acceptance of Aplphanumeric & special characters in Mount Directory Text field in the Volume >Add screen by Super Admin, VolumeNameAdd=, VersionTagAdd=, SHAKeyAdd=, TCName=TC37_Verification of the acceptance of Aplphanumeric & special characters in Mount Directory Text field in the Volume >Add screen by Super Admin, Userid=devendar.malothu@weatherford.com, MaxSizeAdd=, TypeAdd=, VolumeNameSearch=, Password=Chittu@123, RepositoryNameAdd=}, TC46_Verification of breaching the Min word limit in Volume nameText field in Volume> Add screen by Super Admin={RepositoryLinkAdd=, LicenseTypeAdd=, MountDirectoryAdd=, ArchitectureAdd=, VersionTagSearch=, ArchitetureSearch=, Url=#/auth/login, TC Description=Verification of breaching the Min word limit in Volume nameText field in Volume> Add screen by Super Admin, VolumeNameAdd=, VersionTagAdd=, SHAKeyAdd=, TCName=TC46_Verification of breaching the Min word limit in Volume nameText field in Volume> Add screen by Super Admin, Userid=devendar.malothu@weatherford.com, MaxSizeAdd=, TypeAdd=, VolumeNameSearch=, Password=Chittu@123, RepositoryNameAdd=}, TC50_Verification of breaching the Max word limit in Mount Directory nameText field in Volume> Add screen by Super Admin={RepositoryLinkAdd=, LicenseTypeAdd=, MountDirectoryAdd=, ArchitectureAdd=, VersionTagSearch=, ArchitetureSearch=, Url=#/auth/login, TC Description=Verification of breaching the Max word limit in Mount Directory nameText field in Volume> Add screen by Super Admin, VolumeNameAdd=, VersionTagAdd=, SHAKeyAdd=, TCName=TC50_Verification of breaching the Max word limit in Mount Directory nameText field in Volume> Add screen by Super Admin, Userid=devendar.malothu@weatherford.com, MaxSizeAdd=, TypeAdd=, VolumeNameSearch=, Password=Chittu@123, RepositoryNameAdd=}, TC14_Verification of Mount Directory text field Tool tip functionality in the Volume > ADD screen by Super admin={RepositoryLinkAdd=, LicenseTypeAdd=, MountDirectoryAdd=, ArchitectureAdd=, VersionTagSearch=, ArchitetureSearch=, Url=#/auth/login, TC Description=Verification of Mount Directory text field Tool tip functionality in the Volume > ADD screen by Super admin, VolumeNameAdd=, VersionTagAdd=, SHAKeyAdd=, TCName=TC14_Verification of Mount Directory text field Tool tip functionality in the Volume > ADD screen by Super admin, Userid=devendar.malothu@weatherford.com, MaxSizeAdd=, TypeAdd=, VolumeNameSearch=, Password=Chittu@123, RepositoryNameAdd=}, TC60Verify if user fill all the mandatory valid details and click on save button in Volume>ADD screen={RepositoryLinkAdd=, LicenseTypeAdd=, MountDirectoryAdd=, ArchitectureAdd=, VersionTagSearch=, ArchitetureSearch=, Url=#/auth/login, TC Description=Verify if user fill all the mandatory valid details and click on save button in Volume>ADD screen, VolumeNameAdd=, VersionTagAdd=, SHAKeyAdd=, TCName=TC60Verify if user fill all the mandatory valid details and click on save button in Volume>ADD screen, Userid=devendar.malothu@weatherford.com, MaxSizeAdd=, TypeAdd=, VolumeNameSearch=, Password=Chittu@123, RepositoryNameAdd=}, TC44_Verification of slide to change the Status toggle button in Volume > Add screen by Super Admin={RepositoryLinkAdd=, LicenseTypeAdd=, MountDirectoryAdd=, ArchitectureAdd=, VersionTagSearch=, ArchitetureSearch=, Url=#/auth/login, TC Description=Verification of slide to change the Status toggle button in Volume > Add screen by Super Admin, VolumeNameAdd=, VersionTagAdd=, SHAKeyAdd=, TCName=TC44_Verification of slide to change the Status toggle button in Volume > Add screen by Super Admin, Userid=devendar.malothu@weatherford.com, MaxSizeAdd=, TypeAdd=, VolumeNameSearch=, Password=Chittu@123, RepositoryNameAdd=}, TC63Verify if user fill the invalid details i.e. more than max characters with invalid inputs and click on save button in Volume>Update screen={RepositoryLinkAdd=, LicenseTypeAdd=, MountDirectoryAdd=, ArchitectureAdd=, VersionTagSearch=, ArchitetureSearch=, Url=#/auth/login, TC Description=Verify if user fill the invalid details i.e. more than max characters with invalid inputs and click on save button in Volume>Update screen, VolumeNameAdd=, VersionTagAdd=, SHAKeyAdd=, TCName=TC63Verify if user fill the invalid details i.e. more than max characters with invalid inputs and click on save button in Volume>Update screen, Userid=devendar.malothu@weatherford.com, MaxSizeAdd=, TypeAdd=, VolumeNameSearch=, Password=Chittu@123, RepositoryNameAdd=}, TC29_Verification of saving the record without entering any details in any fields in the Volume> Add screen by Super Admin={RepositoryLinkAdd=, LicenseTypeAdd=, MountDirectoryAdd=, ArchitectureAdd=, VersionTagSearch=, ArchitetureSearch=, Url=#/auth/login, TC Description=Verification of saving the record without entering any details in any fields in the Volume> Add screen by Super Admin, VolumeNameAdd=, VersionTagAdd=, SHAKeyAdd=, TCName=TC29_Verification of saving the record without entering any details in any fields in the Volume> Add screen by Super Admin, Userid=devendar.malothu@weatherford.com, MaxSizeAdd=, TypeAdd=, VolumeNameSearch=, Password=Chittu@123, RepositoryNameAdd=}, TC41_Verification of the acceptance of Alphanumerical & special characters in SHA KeyText field in the Volume >Add screen by Super Admin={RepositoryLinkAdd=, LicenseTypeAdd=, MountDirectoryAdd=, ArchitectureAdd=, VersionTagSearch=, ArchitetureSearch=, Url=#/auth/login, TC Description=Verification of the acceptance of Alphanumerical & special characters in SHA KeyText field in the Volume >Add screen by Super Admin, VolumeNameAdd=, VersionTagAdd=, SHAKeyAdd=, TCName=TC41_Verification of the acceptance of Alphanumerical & special characters in SHA KeyText field in the Volume >Add screen by Super Admin, Userid=devendar.malothu@weatherford.com, MaxSizeAdd=, TypeAdd=, VolumeNameSearch=, Password=Chittu@123, RepositoryNameAdd=}, TC62Verify if user fill the invalid details i.e. more than max characters with invalid inputs and click on save button in Volume>ADD screen={RepositoryLinkAdd=, LicenseTypeAdd=, MountDirectoryAdd=, ArchitectureAdd=, VersionTagSearch=, ArchitetureSearch=, Url=#/auth/login, TC Description=Verify if user fill the invalid details i.e. more than max characters with invalid inputs and click on save button in Volume>ADD screen, VolumeNameAdd=, VersionTagAdd=, SHAKeyAdd=, TCName=TC62Verify if user fill the invalid details i.e. more than max characters with invalid inputs and click on save button in Volume>ADD screen, Userid=devendar.malothu@weatherford.com, MaxSizeAdd=, TypeAdd=, VolumeNameSearch=, Password=Chittu@123, RepositoryNameAdd=}, TC56_Verification of breaching the Min word limit in Version/Tag Text field in Volume> Add screen by Super Admin={RepositoryLinkAdd=, LicenseTypeAdd=, MountDirectoryAdd=, ArchitectureAdd=, VersionTagSearch=, ArchitetureSearch=, Url=#/auth/login, TC Description=Verification of breaching the Min word limit in Version/Tag Text field in Volume> Add screen by Super Admin, VolumeNameAdd=, VersionTagAdd=, SHAKeyAdd=, TCName=TC56_Verification of breaching the Min word limit in Version/Tag Text field in Volume> Add screen by Super Admin, Userid=devendar.malothu@weatherford.com, MaxSizeAdd=, TypeAdd=, VolumeNameSearch=, Password=Chittu@123, RepositoryNameAdd=}, TC16_Verification of Architecture text field Tool tip functionality in the Volume > ADD screen by Super admin={RepositoryLinkAdd=, LicenseTypeAdd=, MountDirectoryAdd=, ArchitectureAdd=, VersionTagSearch=, ArchitetureSearch=, Url=#/auth/login, TC Description=Verification of Architecture text field Tool tip functionality in the Volume > ADD screen by Super admin, VolumeNameAdd=, VersionTagAdd=, SHAKeyAdd=, TCName=TC16_Verification of Architecture text field Tool tip functionality in the Volume > ADD screen by Super admin, Userid=devendar.malothu@weatherford.com, MaxSizeAdd=, TypeAdd=, VolumeNameSearch=, Password=Chittu@123, RepositoryNameAdd=}, TC20_Verification of tooltip functionality for Profile icon in Volume>add by Super admin={RepositoryLinkAdd=, LicenseTypeAdd=, MountDirectoryAdd=, ArchitectureAdd=, VersionTagSearch=, ArchitetureSearch=, Url=#/auth/login, TC Description=Verification of tooltip functionality for Profile icon in Volume>add by Super admin, VolumeNameAdd=, VersionTagAdd=, SHAKeyAdd=, TCName=TC20_Verification of tooltip functionality for Profile icon in Volume>add by Super admin, Userid=devendar.malothu@weatherford.com, MaxSizeAdd=, TypeAdd=, VolumeNameSearch=, Password=Chittu@123, RepositoryNameAdd=}, TC31_Verification of redirection to Volume List screen on clicking Save Button after entering the Mandatory fields of Volume >ADD screen by Super Admin={RepositoryLinkAdd=, LicenseTypeAdd=, MountDirectoryAdd=, ArchitectureAdd=, VersionTagSearch=, ArchitetureSearch=, Url=#/auth/login, TC Description=Verification of redirection to Volume List screen on clicking Save Button after entering the Mandatory fields of Volume >ADD screen by Super Admin, VolumeNameAdd=, VersionTagAdd=, SHAKeyAdd=, TCName=TC31_Verification of redirection to Volume List screen on clicking Save Button after entering the Mandatory fields of Volume >ADD screen by Super Admin, Userid=devendar.malothu@weatherford.com, MaxSizeAdd=, TypeAdd=, VolumeNameSearch=, Password=Chittu@123, RepositoryNameAdd=}, TC23_Verification of default Items per page functionality in the Volume List screen by Super admin/Admin user={RepositoryLinkAdd=, LicenseTypeAdd=, MountDirectoryAdd=, ArchitectureAdd=, VersionTagSearch=, ArchitetureSearch=, Url=#/auth/login, TC Description=Verification of default Items per page functionality in the Volume List screen by Super admin/Admin user, VolumeNameAdd=, VersionTagAdd=, SHAKeyAdd=, TCName=TC23_Verification of default Items per page functionality in the Volume List screen by Super admin/Admin user, Userid=devendar.malothu@weatherford.com, MaxSizeAdd=, TypeAdd=, VolumeNameSearch=, Password=Chittu@123, RepositoryNameAdd=}, TC10_Verification of Repository Link text field Tool tip functionality in the Volume > ADD screen by Super admin={RepositoryLinkAdd=, LicenseTypeAdd=, MountDirectoryAdd=, ArchitectureAdd=, VersionTagSearch=, ArchitetureSearch=, Url=#/auth/login, TC Description=Verification of Repository Link text field Tool tip functionality in the Volume > ADD screen by Super admin, VolumeNameAdd=, VersionTagAdd=, SHAKeyAdd=, TCName=TC10_Verification of Repository Link text field Tool tip functionality in the Volume > ADD screen by Super admin, Userid=devendar.malothu@weatherford.com, MaxSizeAdd=, TypeAdd=, VolumeNameSearch=, Password=Chittu@123, RepositoryNameAdd=}, TC33_Verification of the acceptance of Repositery name using dropdown Text field in the Volume >Add screen by Super Admin={RepositoryLinkAdd=, LicenseTypeAdd=, MountDirectoryAdd=, ArchitectureAdd=, VersionTagSearch=, ArchitetureSearch=, Url=#/auth/login, TC Description=Verification of the acceptance of Repositery name using dropdown Text field in the Volume >Add screen by Super Admin, VolumeNameAdd=, VersionTagAdd=, SHAKeyAdd=, TCName=TC33_Verification of the acceptance of Repositery name using dropdown Text field in the Volume >Add screen by Super Admin, Userid=devendar.malothu@weatherford.com, MaxSizeAdd=, TypeAdd=, VolumeNameSearch=, Password=Chittu@123, RepositoryNameAdd=}, TC24_Verification of Pagination using backward button functionality in the Volume List screen by user={RepositoryLinkAdd=, LicenseTypeAdd=, MountDirectoryAdd=, ArchitectureAdd=, VersionTagSearch=, ArchitetureSearch=, Url=#/auth/login, TC Description=Verification of Pagination using backward button functionality in the Volume List screen by user, VolumeNameAdd=, VersionTagAdd=, SHAKeyAdd=, TCName=TC24_Verification of Pagination using backward button functionality in the Volume List screen by user, Userid=devendar.malothu@weatherford.com, MaxSizeAdd=, TypeAdd=, VolumeNameSearch=, Password=Chittu@123, RepositoryNameAdd=}, TC64Verify if user modify data and click on save button in Volume>Update screen={RepositoryLinkAdd=, LicenseTypeAdd=, MountDirectoryAdd=, ArchitectureAdd=, VersionTagSearch=, ArchitetureSearch=, Url=, TC Description=Verify if user modify data and click on save button in Volume>Update screen, VolumeNameAdd=, VersionTagAdd=, SHAKeyAdd=, TCName=TC64Verify if user modify data and click on save button in Volume>Update screen, Userid=, MaxSizeAdd=, TypeAdd=, VolumeNameSearch=, Password=, RepositoryNameAdd=}, TC48_Verification of breaching the Min word limit in Repository Link nameText field in Volume> Add screen by Super Admin={RepositoryLinkAdd=, LicenseTypeAdd=, MountDirectoryAdd=, ArchitectureAdd=, VersionTagSearch=, ArchitetureSearch=, Url=#/auth/login, TC Description=Verification of breaching the Min word limit in Repository Link nameText field in Volume> Add screen by Super Admin, VolumeNameAdd=, VersionTagAdd=, SHAKeyAdd=, TCName=TC48_Verification of breaching the Min word limit in Repository Link nameText field in Volume> Add screen by Super Admin, Userid=devendar.malothu@weatherford.com, MaxSizeAdd=, TypeAdd=, VolumeNameSearch=, Password=Chittu@123, RepositoryNameAdd=}, TC28_Verification of Viewing Converted  Volume to apps in APPS section by Super admin user={RepositoryLinkAdd=, LicenseTypeAdd=, MountDirectoryAdd=, ArchitectureAdd=, VersionTagSearch=, ArchitetureSearch=, Url=#/auth/login, TC Description=Verification of Viewing Converted  Volume to apps in APPS section by Super admin user, VolumeNameAdd=, VersionTagAdd=, SHAKeyAdd=, TCName=TC28_Verification of Viewing Converted  Volume to apps in APPS section by Super admin user, Userid=devendar.malothu@weatherford.com, MaxSizeAdd=, TypeAdd=, VolumeNameSearch=, Password=Chittu@123, RepositoryNameAdd=}, TC58_Verification of breaching the Min word limit in SHA Key Text field in Volume> Add screen by Super Admin={RepositoryLinkAdd=, LicenseTypeAdd=, MountDirectoryAdd=, ArchitectureAdd=, VersionTagSearch=, ArchitetureSearch=, Url=#/auth/login, TC Description=Verification of breaching the Min word limit in SHA Key Text field in Volume> Add screen by Super Admin, VolumeNameAdd=, VersionTagAdd=, SHAKeyAdd=, TCName=TC58_Verification of breaching the Min word limit in SHA Key Text field in Volume> Add screen by Super Admin, Userid=devendar.malothu@weatherford.com, MaxSizeAdd=, TypeAdd=, VolumeNameSearch=, Password=Chittu@123, RepositoryNameAdd=}, TC19_Verification of tooltip functionality for Bell icon in Volume>add by Super admin={RepositoryLinkAdd=, LicenseTypeAdd=, MountDirectoryAdd=, ArchitectureAdd=, VersionTagSearch=, ArchitetureSearch=, Url=#/auth/login, TC Description=Verification of tooltip functionality for Bell icon in Volume>add by Super admin, VolumeNameAdd=, VersionTagAdd=, SHAKeyAdd=, TCName=TC19_Verification of tooltip functionality for Bell icon in Volume>add by Super admin, Userid=devendar.malothu@weatherford.com, MaxSizeAdd=, TypeAdd=, VolumeNameSearch=, Password=Chittu@123, RepositoryNameAdd=}, TC35_Verification of the acceptance of Aplphanumeric & special characters in Repository link Text field in the Volume >Add screen by Super Admin={RepositoryLinkAdd=, LicenseTypeAdd=, MountDirectoryAdd=, ArchitectureAdd=, VersionTagSearch=, ArchitetureSearch=, Url=#/auth/login, TC Description=Verification of the acceptance of Aplphanumeric & special characters in Repository link Text field in the Volume >Add screen by Super Admin, VolumeNameAdd=, VersionTagAdd=, SHAKeyAdd=, TCName=TC35_Verification of the acceptance of Aplphanumeric & special characters in Repository link Text field in the Volume >Add screen by Super Admin, Userid=devendar.malothu@weatherford.com, MaxSizeAdd=, TypeAdd=, VolumeNameSearch=, Password=Chittu@123, RepositoryNameAdd=}, TC04_Verification of Expand button functionality in the Volume List screen by Super admin={RepositoryLinkAdd=, LicenseTypeAdd=, MountDirectoryAdd=, ArchitectureAdd=, VersionTagSearch=, ArchitetureSearch=, Url=#/auth/login, TC Description=Verification of Expand button functionality in the Volume List screen by Super admin, VolumeNameAdd=, VersionTagAdd=, SHAKeyAdd=, TCName=TC04_Verification of Expand button functionality in the Volume List screen by Super admin, Userid=devendar.malothu@weatherford.com, MaxSizeAdd=, TypeAdd=, VolumeNameSearch=, Password=Chittu@123, RepositoryNameAdd=}, TC15_Verification of Version/Tag text field Tool tip functionality in the Volume > ADD screen by Super admin={RepositoryLinkAdd=, LicenseTypeAdd=, MountDirectoryAdd=, ArchitectureAdd=, VersionTagSearch=, ArchitetureSearch=, Url=#/auth/login, TC Description=Verification of Version/Tag text field Tool tip functionality in the Volume > ADD screen by Super admin, VolumeNameAdd=, VersionTagAdd=, SHAKeyAdd=, TCName=TC15_Verification of Version/Tag text field Tool tip functionality in the Volume > ADD screen by Super admin, Userid=devendar.malothu@weatherford.com, MaxSizeAdd=, TypeAdd=, VolumeNameSearch=, Password=Chittu@123, RepositoryNameAdd=}, TC27_Verification of Convert Volume to application functionality in the Volume List screen by Super admin user={RepositoryLinkAdd=, LicenseTypeAdd=, MountDirectoryAdd=, ArchitectureAdd=, VersionTagSearch=, ArchitetureSearch=, Url=#/auth/login, TC Description=Verification of Convert Volume to application functionality in the Volume List screen by Super admin user, VolumeNameAdd=, VersionTagAdd=, SHAKeyAdd=, TCName=TC27_Verification of Convert Volume to application functionality in the Volume List screen by Super admin user, Userid=devendar.malothu@weatherford.com, MaxSizeAdd=, TypeAdd=, VolumeNameSearch=, Password=Chittu@123, RepositoryNameAdd=}, TC03_Verification of Search button functionality in the Volume List screen by Super admin={RepositoryLinkAdd=, LicenseTypeAdd=, MountDirectoryAdd=, ArchitectureAdd=, VersionTagSearch=, ArchitetureSearch=, Url=#/auth/login, TC Description=Verification of Search button functionality in the Volume List screen by Super admin, VolumeNameAdd=, VersionTagAdd=, SHAKeyAdd=, TCName=TC03_Verification of Search button functionality in the Volume List screen by Super admin, Userid=devendar.malothu@weatherford.com, MaxSizeAdd=, TypeAdd=, VolumeNameSearch=Data_beta-1.qcow2, Password=Chittu@123, RepositoryNameAdd=}, TC53_Verification of breaching the Max word limit in MAX size nameText field in Volume> Add screen by Super Admin={RepositoryLinkAdd=, LicenseTypeAdd=, MountDirectoryAdd=, ArchitectureAdd=, VersionTagSearch=, ArchitetureSearch=, Url=#/auth/login, TC Description=Verification of breaching the Max word limit in MAX size nameText field in Volume> Add screen by Super Admin, VolumeNameAdd=, VersionTagAdd=, SHAKeyAdd=, TCName=TC53_Verification of breaching the Max word limit in MAX size nameText field in Volume> Add screen by Super Admin, Userid=devendar.malothu@weatherford.com, MaxSizeAdd=, TypeAdd=, VolumeNameSearch=, Password=Chittu@123, RepositoryNameAdd=}, TC12_Verification of License Type text field Tool tip functionality in the Volume > ADD screen by Super admin={RepositoryLinkAdd=, LicenseTypeAdd=, MountDirectoryAdd=, ArchitectureAdd=, VersionTagSearch=, ArchitetureSearch=, Url=#/auth/login, TC Description=Verification of License Type text field Tool tip functionality in the Volume > ADD screen by Super admin, VolumeNameAdd=, VersionTagAdd=, SHAKeyAdd=, TCName=TC12_Verification of License Type text field Tool tip functionality in the Volume > ADD screen by Super admin, Userid=devendar.malothu@weatherford.com, MaxSizeAdd=, TypeAdd=, VolumeNameSearch=, Password=Chittu@123, RepositoryNameAdd=}, TC08_Verification of Volume name Tool tip functionality in the Volume > ADD screen by Super admin={RepositoryLinkAdd=, LicenseTypeAdd=, MountDirectoryAdd=, ArchitectureAdd=, VersionTagSearch=, ArchitetureSearch=, Url=#/auth/login, TC Description=Verification of Volume name Tool tip functionality in the Volume > ADD screen by Super admin, VolumeNameAdd=, VersionTagAdd=, SHAKeyAdd=, TCName=TC08_Verification of Volume name Tool tip functionality in the Volume > ADD screen by Super admin, Userid=devendar.malothu@weatherford.com, MaxSizeAdd=, TypeAdd=, VolumeNameSearch=, Password=Chittu@123, RepositoryNameAdd=}}
I am in launchAppE:\Devendra\cdm\CDMCucumber\CDMProject\chromedriver\chromedriver.exe
  &amp#27;[32mGiven &amp#27;[0m&amp#27;[32mUser launch application in chrome browser&amp#27;[0m                                                  &amp#27;[90m# com.cdm.Stepdefinations.Common.user_launch_application_in_chrome_browser()&amp#27;[0m
Login started
devendar.malothu@weatherford.com
Chittu@123
  &amp#27;[32mWhen &amp#27;[0m&amp#27;[32muser enters credentials and click on login button&amp#27;[0m                                           &amp#27;[90m# com.cdm.Stepdefinations.Common.user_enters_credentials_and_click_on_login_button()&amp#27;[0m
  &amp#27;[32mThen &amp#27;[0m&amp#27;[32mClick on Settings module from side menu bar&amp#27;[0m                                                 &amp#27;[90m# com.cdm.Stepdefinations.UserSettingsSteps.click_on_settings_module_from_side_menu_bar()&amp#27;[0m
  &amp#27;[32mThen &amp#27;[0m&amp#27;[32mClick on volumes tab from right panel of the screen&amp#27;[0m                                         &amp#27;[90m# com.cdm.Stepdefinations.VolumesSteps.click_on_volumes_tab_from_right_panel_of_the_screen()&amp#27;[0m
  &amp#27;[32mThen &amp#27;[0m&amp#27;[32mverify add button on volumes list page&amp#27;[0m                                                      &amp#27;[90m# com.cdm.Stepdefinations.VolumesSteps.verify_add_button_on_volumes_list_page()&amp#27;[0m
  &amp#27;[32mThen &amp#27;[0m&amp#27;[32mverify tooltip for English(US)&amp#27;[0m                                                              &amp#27;[90m# com.cdm.Stepdefinations.VolumesSteps.verify_tooltip_for_english_us()&amp#27;[0m
]]></system-out>
    <system-err><![CDATA[Apr 18, 2024 12:57:46 PM org.openqa.selenium.devtools.CdpVersionFinder findNearestMatch
WARNING: Unable to find an exact match for CDP version 123, returning the closest version; found: 122; Please update to a Selenium version that supports CDP version 123
]]></system-err>
  </testcase>
  <testcase name="TC19_Verification of tooltip functionality for Bell icon in Volume&gt;add by Super admin #1" classname="VOLUMES" time="20.388">
    <system-out><![CDATA[
@SheetVOLUMES @Test
Scenario: TC19_Verification of tooltip functionality for Bell icon in Volume>add by Super admin &amp#27;[90m# src/test/resources/Features/Volumes.feature:172&amp#27;[0m
I am tag Name@SheetVOLUMES
I am in SheetVOLUMES
I am tag Name@Test
I am in launchAppE:\Devendra\cdm\CDMCucumber\CDMProject\chromedriver\chromedriver.exe
  &amp#27;[32mGiven &amp#27;[0m&amp#27;[32mUser launch application in chrome browser&amp#27;[0m                                               &amp#27;[90m# com.cdm.Stepdefinations.Common.user_launch_application_in_chrome_browser()&amp#27;[0m
Login started
devendar.malothu@weatherford.com
Chittu@123
  &amp#27;[32mWhen &amp#27;[0m&amp#27;[32muser enters credentials and click on login button&amp#27;[0m                                        &amp#27;[90m# com.cdm.Stepdefinations.Common.user_enters_credentials_and_click_on_login_button()&amp#27;[0m
  &amp#27;[32mThen &amp#27;[0m&amp#27;[32mClick on Settings module from side menu bar&amp#27;[0m                                              &amp#27;[90m# com.cdm.Stepdefinations.UserSettingsSteps.click_on_settings_module_from_side_menu_bar()&amp#27;[0m
  &amp#27;[32mThen &amp#27;[0m&amp#27;[32mClick on volumes tab from right panel of the screen&amp#27;[0m                                      &amp#27;[90m# com.cdm.Stepdefinations.VolumesSteps.click_on_volumes_tab_from_right_panel_of_the_screen()&amp#27;[0m
  &amp#27;[32mThen &amp#27;[0m&amp#27;[32mverify add button on volumes list page&amp#27;[0m                                                   &amp#27;[90m# com.cdm.Stepdefinations.VolumesSteps.verify_add_button_on_volumes_list_page()&amp#27;[0m
  &amp#27;[32mThen &amp#27;[0m&amp#27;[32mverify tooltip for English(US)&amp#27;[0m                                                           &amp#27;[90m# com.cdm.Stepdefinations.VolumesSteps.verify_tooltip_for_english_us()&amp#27;[0m
]]></system-out>
    <system-err><![CDATA[Apr 18, 2024 12:58:07 PM org.openqa.selenium.devtools.CdpVersionFinder findNearestMatch
WARNING: Unable to find an exact match for CDP version 123, returning the closest version; found: 122; Please update to a Selenium version that supports CDP version 123
Apr 18, 2024 12:58:26 PM org.openqa.selenium.remote.http.WebSocket$Listener onError
WARNING: Connection reset
java.net.SocketException: Connection reset
	at java.base/sun.nio.ch.SocketChannelImpl.throwConnectionReset(SocketChannelImpl.java:401)
	at java.base/sun.nio.ch.SocketChannelImpl.read(SocketChannelImpl.java:434)
	at java.net.http/jdk.internal.net.http.SocketTube.readAvailable(SocketTube.java:1178)
	at java.net.http/jdk.internal.net.http.SocketTube$InternalReadPublisher$InternalReadSubscription.read(SocketTube.java:841)
	at java.net.http/jdk.internal.net.http.SocketTube$SocketFlowTask.run(SocketTube.java:181)
	at java.net.http/jdk.internal.net.http.common.SequentialScheduler$SchedulableTask.run(SequentialScheduler.java:207)
	at java.net.http/jdk.internal.net.http.common.SequentialScheduler.runOrSchedule(SequentialScheduler.java:280)
	at java.net.http/jdk.internal.net.http.common.SequentialScheduler.runOrSchedule(SequentialScheduler.java:233)
	at java.net.http/jdk.internal.net.http.SocketTube$InternalReadPublisher$InternalReadSubscription.signalReadable(SocketTube.java:782)
	at java.net.http/jdk.internal.net.http.SocketTube$InternalReadPublisher$ReadEvent.signalEvent(SocketTube.java:965)
	at java.net.http/jdk.internal.net.http.SocketTube$SocketFlowEvent.handle(SocketTube.java:253)
	at java.net.http/jdk.internal.net.http.HttpClientImpl$SelectorManager.handleEvent(HttpClientImpl.java:1467)
	at java.net.http/jdk.internal.net.http.HttpClientImpl$SelectorManager.lambda$run$3(HttpClientImpl.java:1412)
	at java.base/java.util.ArrayList.forEach(ArrayList.java:1596)
	at java.net.http/jdk.internal.net.http.HttpClientImpl$SelectorManager.run(HttpClientImpl.java:1412)

]]></system-err>
  </testcase>
  <testcase name="TC19_Verification of tooltip functionality for Bell icon in Volume&gt;add by Super admin #2" classname="VOLUMES" time="20.825">
    <error message="The step &apos;verify tooltip for Bell icon&apos; is undefined.&#10;You can implement this step using the snippet(s) below:&#10;&#10;@Then(&quot;verify tooltip for Bell icon&quot;)&#10;public void verify_tooltip_for_bell_icon() {&#10;    // Write code here that turns the phrase above into concrete actions&#10;    throw new io.cucumber.java.PendingException();&#10;}&#10;" type="io.cucumber.junit.UndefinedStepException"><![CDATA[io.cucumber.junit.UndefinedStepException: 
The step 'verify tooltip for Bell icon' is undefined.
You can implement this step using the snippet(s) below:

@Then("verify tooltip for Bell icon")
public void verify_tooltip_for_bell_icon() {
    // Write code here that turns the phrase above into concrete actions
    throw new io.cucumber.java.PendingException();
}

]]></error>
    <system-out><![CDATA[
@SheetVOLUMES @Test
Scenario: TC19_Verification of tooltip functionality for Bell icon in Volume>add by Super admin &amp#27;[90m# src/test/resources/Features/Volumes.feature:191&amp#27;[0m
I am tag Name@SheetVOLUMES
I am in SheetVOLUMES
I am tag Name@Test
I am in launchAppE:\Devendra\cdm\CDMCucumber\CDMProject\chromedriver\chromedriver.exe
  &amp#27;[32mGiven &amp#27;[0m&amp#27;[32mUser launch application in chrome browser&amp#27;[0m                                               &amp#27;[90m# com.cdm.Stepdefinations.Common.user_launch_application_in_chrome_browser()&amp#27;[0m
Login started
devendar.malothu@weatherford.com
Chittu@123
  &amp#27;[32mWhen &amp#27;[0m&amp#27;[32muser enters credentials and click on login button&amp#27;[0m                                        &amp#27;[90m# com.cdm.Stepdefinations.Common.user_enters_credentials_and_click_on_login_button()&amp#27;[0m
  &amp#27;[32mThen &amp#27;[0m&amp#27;[32mClick on Settings module from side menu bar&amp#27;[0m                                              &amp#27;[90m# com.cdm.Stepdefinations.UserSettingsSteps.click_on_settings_module_from_side_menu_bar()&amp#27;[0m
  &amp#27;[32mThen &amp#27;[0m&amp#27;[32mClick on volumes tab from right panel of the screen&amp#27;[0m                                      &amp#27;[90m# com.cdm.Stepdefinations.VolumesSteps.click_on_volumes_tab_from_right_panel_of_the_screen()&amp#27;[0m
  &amp#27;[32mThen &amp#27;[0m&amp#27;[32mverify add button on volumes list page&amp#27;[0m                                                   &amp#27;[90m# com.cdm.Stepdefinations.VolumesSteps.verify_add_button_on_volumes_list_page()&amp#27;[0m
  &amp#27;[33mThen &amp#27;[0m&amp#27;[33mverify tooltip for Bell icon&amp#27;[0m
]]></system-out>
    <system-err><![CDATA[Apr 18, 2024 12:58:27 PM org.openqa.selenium.devtools.CdpVersionFinder findNearestMatch
WARNING: Unable to find an exact match for CDP version 123, returning the closest version; found: 122; Please update to a Selenium version that supports CDP version 123
]]></system-err>
  </testcase>
</testsuite>