<?xml version="1.0" encoding="UTF-8"?>
<testsuite xmlns:xsi="http://www.w3.org/2001/XMLSchema-instance" xsi:noNamespaceSchemaLocation="https://maven.apache.org/surefire/maven-surefire-plugin/xsd/surefire-test-report-3.0.xsd" version="3.0" name="com.cdm.runner.TestRunner" time="80.023" tests="4" errors="0" skipped="0" failures="0">
  <properties>
[...]
</properties>
  <testcase name="TC07_Verification of Search button functionality in the EDGE Group List screen by Super admin/Admin user" classname="EDGEGROUPS" time="21.913">
    <system-out><![CDATA[
@SheetEDGEGROUPS @Test
Scenario: TC07_Verification of Search button functionality in the EDGE Group List screen by Super admin/Admin user &amp#27;[90m# src/test/resources/Features/EDGEGroupsNew.feature:59&amp#27;[0m
I am tag Name@SheetEDGEGROUPS
I am in SheetEDGEGROUPS
I am tag Name@Test
{TC71_Verification of standarize text format for success message in toaster={GroupNameSearch=, BulkAppNameVersionSearch=, AlaramRaisedMinValue=, DeviceActiveMaxValue=, ItemsPerPage=, ServerHostAddressAdd=100.100.100, Url=#/auth/login, TC Description=Verification of standarize text format for success message in toaster, OnboardingCertificateFileUpload=, DescriptionAdd=This is for test purpose, Userid=devendar.malothu@birlasoft.com, LocationAdd=Texas, DeviceConnectedMinValue=, ServerPortAdd=8090, Password=Password@123, EdgeConfigurationUploadPath=, applicationGroupNameEdit=, MaximumServerNodeEdit=, AppGroupAdd=Weatherford123, DeviceConnectedMaxValue=, GroupNameAdd=EdgeGroup23052024003657, BulkAppEdgeGroupNameSearch=, GroupIDAdd=EdgeGroup23052024003657, AlaramRaisedMaxValue=, SerialNumberEdit=, TCName=TC71_Verification of standarize text format for success message in toaster, Items Per Page=, DeviceActiveMinValue=, MaximumServerNodeAdd=2, BulkEdgeSearch=, ServerHostAddressEdit=, BulkAppNameSearchdeployment=, ServerPortEdit=, BulkAppGroupNameSearch=}, TC120_Verification of tool tip text visibilty for Console button in Actions column={GroupNameSearch=, BulkAppNameVersionSearch=, AlaramRaisedMinValue=, DeviceActiveMaxValue=, ItemsPerPage=, ServerHostAddressAdd=, Url=#/auth/login, TC Description=Verification of tool tip text visibilty for Console button in Actions column, OnboardingCertificateFileUpload=, DescriptionAdd=, Userid=devendar.malothu@birlasoft.com, LocationAdd=, DeviceConnectedMinValue=, ServerPortAdd=, Password=Password@123, EdgeConfigurationUploadPath=, applicationGroupNameEdit=, MaximumServerNodeEdit=, AppGroupAdd=, DeviceConnectedMaxValue=, GroupNameAdd=, BulkAppEdgeGroupNameSearch=, GroupIDAdd=, AlaramRaisedMaxValue=, SerialNumberEdit=, TCName=TC120_Verification of tool tip text visibilty for Console button in Actions column, Items Per Page=, DeviceActiveMinValue=, MaximumServerNodeAdd=, BulkEdgeSearch=, ServerHostAddressEdit=, BulkAppNameSearchdeployment=, ServerPortEdit=, BulkAppGroupNameSearch=}, TC104_Verification of accessbility the filter icon for Alarms Raised={GroupNameSearch=, BulkAppNameVersionSearch=, AlaramRaisedMinValue=, DeviceActiveMaxValue=, ItemsPerPage=, ServerHostAddressAdd=, Url=#/auth/login, TC Description=Verification of accessbility the filter icon for Alarms Raised, OnboardingCertificateFileUpload=, DescriptionAdd=, Userid=devendar.malothu@birlasoft.com, LocationAdd=, DeviceConnectedMinValue=, ServerPortAdd=, Password=Password@123, EdgeConfigurationUploadPath=, applicationGroupNameEdit=, MaximumServerNodeEdit=, AppGroupAdd=, DeviceConnectedMaxValue=, GroupNameAdd=, BulkAppEdgeGroupNameSearch=, GroupIDAdd=, AlaramRaisedMaxValue=, SerialNumberEdit=, TCName=TC104_Verification of accessbility the filter icon for Alarms Raised, Items Per Page=, DeviceActiveMinValue=, MaximumServerNodeAdd=, BulkEdgeSearch=, ServerHostAddressEdit=, BulkAppNameSearchdeployment=, ServerPortEdit=, BulkAppGroupNameSearch=}, TC06_Verification of Add button functionality in the EDGE Group List screen by Super admin/Admin user={GroupNameSearch=, BulkAppNameVersionSearch=, AlaramRaisedMinValue=, DeviceActiveMaxValue=, ItemsPerPage=, ServerHostAddressAdd=100.100.100, Url=#/auth/login, TC Description=Verification of Add button functionality in the EDGE Group List screen by Super admin/Admin user, OnboardingCertificateFileUpload=, DescriptionAdd=This is for test, Userid=devendar.malothu@birlasoft.com, LocationAdd=Texas, DeviceConnectedMinValue=, ServerPortAdd=8086, Password=Password@123, EdgeConfigurationUploadPath=, applicationGroupNameEdit=, MaximumServerNodeEdit=, AppGroupAdd=Weatherford123, DeviceConnectedMaxValue=, GroupNameAdd=TestFord, BulkAppEdgeGroupNameSearch=, GroupIDAdd=TestFord, AlaramRaisedMaxValue=, SerialNumberEdit=, TCName=TC06_Verification of Add button functionality in the EDGE Group List screen by Super admin/Admin user, Items Per Page=, DeviceActiveMinValue=, MaximumServerNodeAdd=1, BulkEdgeSearch=, ServerHostAddressEdit=, BulkAppNameSearchdeployment=, ServerPortEdit=, BulkAppGroupNameSearch=}, TC140_Verification of descending order sorting functionality for the table list={GroupNameSearch=, BulkAppNameVersionSearch=, AlaramRaisedMinValue=, DeviceActiveMaxValue=, ItemsPerPage=, ServerHostAddressAdd=, Url=#/auth/login, TC Description=Verification of descending order sorting functionality for the table list, OnboardingCertificateFileUpload=, DescriptionAdd=, Userid=devendar.malothu@birlasoft.com, LocationAdd=, DeviceConnectedMinValue=, ServerPortAdd=, Password=Password@123, EdgeConfigurationUploadPath=, applicationGroupNameEdit=, MaximumServerNodeEdit=, AppGroupAdd=, DeviceConnectedMaxValue=, GroupNameAdd=, BulkAppEdgeGroupNameSearch=, GroupIDAdd=, AlaramRaisedMaxValue=, SerialNumberEdit=, TCName=TC140_Verification of descending order sorting functionality for the table list, Items Per Page=, DeviceActiveMinValue=, MaximumServerNodeAdd=, BulkEdgeSearch=, ServerHostAddressEdit=, BulkAppNameSearchdeployment=, ServerPortEdit=, BulkAppGroupNameSearch=}, TC57_Verification of deployment failure on empty On boarding key in EDGE Group={GroupNameSearch=, BulkAppNameVersionSearch=1.1.8, AlaramRaisedMinValue=, DeviceActiveMaxValue=, ItemsPerPage=, ServerHostAddressAdd=, Url=#/auth/login, TC Description=Verification of deployment failure on empty On boarding key in EDGE Group, OnboardingCertificateFileUpload=, DescriptionAdd=, Userid=devendar.malothu@birlasoft.com, LocationAdd=, DeviceConnectedMinValue=, ServerPortAdd=, Password=Password@123, EdgeConfigurationUploadPath=, applicationGroupNameEdit=, MaximumServerNodeEdit=, AppGroupAdd=, DeviceConnectedMaxValue=, GroupNameAdd=, BulkAppEdgeGroupNameSearch=Permian Basin, GroupIDAdd=, AlaramRaisedMaxValue=, SerialNumberEdit=, TCName=TC57_Verification of deployment failure on empty On boarding key in EDGE Group, Items Per Page=, DeviceActiveMinValue=, MaximumServerNodeAdd=, BulkEdgeSearch=ICO_120_0005, ServerHostAddressEdit=, BulkAppNameSearchdeployment=, ServerPortEdit=, BulkAppGroupNameSearch=Weatherford123}, TC112_Verification of tool tip text visibilty for Group name={GroupNameSearch=, BulkAppNameVersionSearch=, AlaramRaisedMinValue=, DeviceActiveMaxValue=, ItemsPerPage=, ServerHostAddressAdd=, Url=#/auth/login, TC Description=Verification of tool tip text visibilty for Group name, OnboardingCertificateFileUpload=, DescriptionAdd=, Userid=devendar.malothu@birlasoft.com, LocationAdd=, DeviceConnectedMinValue=, ServerPortAdd=, Password=Password@123, EdgeConfigurationUploadPath=, applicationGroupNameEdit=, MaximumServerNodeEdit=, AppGroupAdd=, DeviceConnectedMaxValue=, GroupNameAdd=, BulkAppEdgeGroupNameSearch=, GroupIDAdd=, AlaramRaisedMaxValue=, SerialNumberEdit=, TCName=TC112_Verification of tool tip text visibilty for Group name, Items Per Page=, DeviceActiveMinValue=, MaximumServerNodeAdd=, BulkEdgeSearch=, ServerHostAddressEdit=, BulkAppNameSearchdeployment=, ServerPortEdit=, BulkAppGroupNameSearch=}, TC128_Verification to check the tool tip text visibilty for Input text field bulk Deployment steppers={GroupNameSearch=, BulkAppNameVersionSearch=, AlaramRaisedMinValue=, DeviceActiveMaxValue=, ItemsPerPage=, ServerHostAddressAdd=, Url=#/auth/login, TC Description=Verification to check the tool tip text visibilty for Input text field bulk Deployment steppers, OnboardingCertificateFileUpload=, DescriptionAdd=, Userid=devendar.malothu@birlasoft.com, LocationAdd=, DeviceConnectedMinValue=, ServerPortAdd=, Password=Password@123, EdgeConfigurationUploadPath=, applicationGroupNameEdit=, MaximumServerNodeEdit=, AppGroupAdd=, DeviceConnectedMaxValue=, GroupNameAdd=, BulkAppEdgeGroupNameSearch=, GroupIDAdd=, AlaramRaisedMaxValue=, SerialNumberEdit=, TCName=TC128_Verification to check the tool tip text visibilty for Input text field bulk Deployment steppers, Items Per Page=, DeviceActiveMinValue=, MaximumServerNodeAdd=, BulkEdgeSearch=, ServerHostAddressEdit=, BulkAppNameSearchdeployment=, ServerPortEdit=, BulkAppGroupNameSearch=}, TC101_Verification of the accessible the screen by using wi-fi network={GroupNameSearch=, BulkAppNameVersionSearch=, AlaramRaisedMinValue=, DeviceActiveMaxValue=, ItemsPerPage=, ServerHostAddressAdd=, Url=#/auth/login, TC Description=Verification of the accessible the screen by using wi-fi network, OnboardingCertificateFileUpload=, DescriptionAdd=, Userid=devendar.malothu@birlasoft.com, LocationAdd=, DeviceConnectedMinValue=, ServerPortAdd=, Password=Password@123, EdgeConfigurationUploadPath=, applicationGroupNameEdit=, MaximumServerNodeEdit=, AppGroupAdd=, DeviceConnectedMaxValue=, GroupNameAdd=, BulkAppEdgeGroupNameSearch=, GroupIDAdd=, AlaramRaisedMaxValue=, SerialNumberEdit=, TCName=TC101_Verification of the accessible the screen by using wi-fi network, Items Per Page=, DeviceActiveMinValue=, MaximumServerNodeAdd=, BulkEdgeSearch=, ServerHostAddressEdit=, BulkAppNameSearchdeployment=, ServerPortEdit=, BulkAppGroupNameSearch=}, TC40_Verification of breaching the Max character limit in Group Name Text field in the Identity section of User Add screen by Super admin/Admin user={GroupNameSearch=, BulkAppNameVersionSearch=, AlaramRaisedMinValue=, DeviceActiveMaxValue=, ItemsPerPage=, ServerHostAddressAdd=, Url=#/auth/login, TC Description=Verification of breaching the Max character limit in Group Name Text field in the Identity section of User Add screen by Super admin/Admin user, OnboardingCertificateFileUpload=, DescriptionAdd=, Userid=devendar.malothu@birlasoft.com, LocationAdd=, DeviceConnectedMinValue=, ServerPortAdd=, Password=Password@123, EdgeConfigurationUploadPath=, applicationGroupNameEdit=, MaximumServerNodeEdit=, AppGroupAdd=, DeviceConnectedMaxValue=, GroupNameAdd=My_Test_One_188888888888888dddddddddddddddddddddddddddddd8888999999999999999, BulkAppEdgeGroupNameSearch=, GroupIDAdd=, AlaramRaisedMaxValue=, SerialNumberEdit=, TCName=TC40_Verification of breaching the Max character limit in Group Name Text field in the Identity section of User Add screen by Super admin/Admin user, Items Per Page=, DeviceActiveMinValue=, MaximumServerNodeAdd=, BulkEdgeSearch=, ServerHostAddressEdit=, BulkAppNameSearchdeployment=, ServerPortEdit=, BulkAppGroupNameSearch=}, TC78_Verification of switching between inputs fields using TAB={GroupNameSearch=, BulkAppNameVersionSearch=, AlaramRaisedMinValue=, DeviceActiveMaxValue=, ItemsPerPage=, ServerHostAddressAdd=, Url=#/auth/login, TC Description=Verfication of switching between inputs fields using TAB, OnboardingCertificateFileUpload=, DescriptionAdd=, Userid=devendar.malothu@birlasoft.com, LocationAdd=, DeviceConnectedMinValue=, ServerPortAdd=, Password=Password@123, EdgeConfigurationUploadPath=, applicationGroupNameEdit=, MaximumServerNodeEdit=, AppGroupAdd=, DeviceConnectedMaxValue=, GroupNameAdd=, BulkAppEdgeGroupNameSearch=, GroupIDAdd=, AlaramRaisedMaxValue=, SerialNumberEdit=, TCName=TC78_Verification of switching between inputs fields using TAB, Items Per Page=, DeviceActiveMinValue=, MaximumServerNodeAdd=, BulkEdgeSearch=, ServerHostAddressEdit=, BulkAppNameSearchdeployment=, ServerPortEdit=, BulkAppGroupNameSearch=}, TC94_Verification of check filter icon visibility for Devices Connected column={GroupNameSearch=, BulkAppNameVersionSearch=, AlaramRaisedMinValue=, DeviceActiveMaxValue=, ItemsPerPage=, ServerHostAddressAdd=, Url=#/auth/login, TC Description=Verification of check filter icon visibility for Devices Connected column, OnboardingCertificateFileUpload=, DescriptionAdd=, Userid=devendar.malothu@birlasoft.com, LocationAdd=, DeviceConnectedMinValue=, ServerPortAdd=, Password=Password@123, EdgeConfigurationUploadPath=, applicationGroupNameEdit=, MaximumServerNodeEdit=, AppGroupAdd=, DeviceConnectedMaxValue=, GroupNameAdd=, BulkAppEdgeGroupNameSearch=, GroupIDAdd=, AlaramRaisedMaxValue=, SerialNumberEdit=, TCName=TC94_Verification of check filter icon visibility for Devices Connected column, Items Per Page=, DeviceActiveMinValue=, MaximumServerNodeAdd=, BulkEdgeSearch=, ServerHostAddressEdit=, BulkAppNameSearchdeployment=, ServerPortEdit=, BulkAppGroupNameSearch=}, TC11_Verification of Delete functionality in the EDGE Group List screen by Super admin/Admin user (If few Groups are interlinked with other module)={GroupNameSearch=Permian Basin, BulkAppNameVersionSearch=, AlaramRaisedMinValue=, DeviceActiveMaxValue=, ItemsPerPage=, ServerHostAddressAdd=, Url=#/auth/login, TC Description=Verification of Delete functionality in the EDGE Group List screen by Super admin/Admin user (If few Groups are interlinked with other module), OnboardingCertificateFileUpload=, DescriptionAdd=, Userid=devendar.malothu@birlasoft.com, LocationAdd=, DeviceConnectedMinValue=, ServerPortAdd=, Password=Password@123, EdgeConfigurationUploadPath=, applicationGroupNameEdit=, MaximumServerNodeEdit=, AppGroupAdd=, DeviceConnectedMaxValue=, GroupNameAdd=, BulkAppEdgeGroupNameSearch=, GroupIDAdd=, AlaramRaisedMaxValue=, SerialNumberEdit=, TCName=TC11_Verification of Delete functionality in the EDGE Group List screen by Super admin/Admin user (If few Groups are interlinked with other module), Items Per Page=, DeviceActiveMinValue=, MaximumServerNodeAdd=, BulkEdgeSearch=, ServerHostAddressEdit=, BulkAppNameSearchdeployment=, ServerPortEdit=, BulkAppGroupNameSearch=}, TC45_Verification of cloud button is on premise i.e.(Enable mode) in Configuration section in Add screen of EDGE Group add module by Super admin/Admin user={GroupNameSearch=Permian Basin, BulkAppNameVersionSearch=, AlaramRaisedMinValue=, DeviceActiveMaxValue=, ItemsPerPage=, ServerHostAddressAdd=, Url=#/auth/login, TC Description=Verification of cloud button is on premise i.e.(Enable mode) in Configuration section in Add screen of EDGE Group add module by Super admin/Admin user, OnboardingCertificateFileUpload=, DescriptionAdd=, Userid=devendar.malothu@birlasoft.com, LocationAdd=, DeviceConnectedMinValue=, ServerPortAdd=, Password=Password@123, EdgeConfigurationUploadPath=, applicationGroupNameEdit=, MaximumServerNodeEdit=, AppGroupAdd=, DeviceConnectedMaxValue=, GroupNameAdd=, BulkAppEdgeGroupNameSearch=, GroupIDAdd=, AlaramRaisedMaxValue=, SerialNumberEdit=, TCName=TC45_Verification of cloud button is on premise i.e.(Enable mode) in Configuration section in Add screen of EDGE Group add module by Super admin/Admin user, Items Per Page=, DeviceActiveMinValue=, MaximumServerNodeAdd=, BulkEdgeSearch=, ServerHostAddressEdit=, BulkAppNameSearchdeployment=, ServerPortEdit=, BulkAppGroupNameSearch=}, TC02_Verification of resizing the EDGE Group module as per different zoom levels={GroupNameSearch=, BulkAppNameVersionSearch=, AlaramRaisedMinValue=, DeviceActiveMaxValue=, ItemsPerPage=, ServerHostAddressAdd=, Url=#/auth/login, TC Description=Verification of resizing the EDGE Group module as per different zoom levels, OnboardingCertificateFileUpload=, DescriptionAdd=, Userid=devendar.malothu@birlasoft.com, LocationAdd=, DeviceConnectedMinValue=, ServerPortAdd=, Password=Password@123, EdgeConfigurationUploadPath=, applicationGroupNameEdit=, MaximumServerNodeEdit=, AppGroupAdd=, DeviceConnectedMaxValue=, GroupNameAdd=, BulkAppEdgeGroupNameSearch=, GroupIDAdd=, AlaramRaisedMaxValue=, SerialNumberEdit=, TCName=TC02_Verification of resizing the EDGE Group module as per different zoom levels, Items Per Page=, DeviceActiveMinValue=, MaximumServerNodeAdd=, BulkEdgeSearch=, ServerHostAddressEdit=, BulkAppNameSearchdeployment=, ServerPortEdit=, BulkAppGroupNameSearch=}, TC84_Verification of visibilty the input field format={GroupNameSearch=, BulkAppNameVersionSearch=, AlaramRaisedMinValue=, DeviceActiveMaxValue=, ItemsPerPage=, ServerHostAddressAdd=, Url=#/auth/login, TC Description=Verfication of visibilty the input field format, OnboardingCertificateFileUpload=, DescriptionAdd=, Userid=devendar.malothu@birlasoft.com, LocationAdd=, DeviceConnectedMinValue=, ServerPortAdd=, Password=Password@123, EdgeConfigurationUploadPath=, applicationGroupNameEdit=, MaximumServerNodeEdit=, AppGroupAdd=, DeviceConnectedMaxValue=, GroupNameAdd=, BulkAppEdgeGroupNameSearch=, GroupIDAdd=, AlaramRaisedMaxValue=, SerialNumberEdit=, TCName=TC84_Verification of visibilty the input field format, Items Per Page=, DeviceActiveMinValue=, MaximumServerNodeAdd=, BulkEdgeSearch=, ServerHostAddressEdit=, BulkAppNameSearchdeployment=, ServerPortEdit=, BulkAppGroupNameSearch=}, TC49_Verification of Viewing of all the steppers & select the EDGE GROUP to deploy the application of EDGE Group module by Super admin/Admin user & Operator users={GroupNameSearch=, BulkAppNameVersionSearch=1.1.8, AlaramRaisedMinValue=, DeviceActiveMaxValue=, ItemsPerPage=, ServerHostAddressAdd=, Url=#/auth/login, TC Description=Verification of Viewing of all the steppers & select the EDGE GROUP to deploy the application of EDGE Group module by Super admin/Admin user & Operator users, OnboardingCertificateFileUpload=, DescriptionAdd=, Userid=devendar.malothu@birlasoft.com, LocationAdd=, DeviceConnectedMinValue=, ServerPortAdd=, Password=Password@123, EdgeConfigurationUploadPath=, applicationGroupNameEdit=, MaximumServerNodeEdit=, AppGroupAdd=, DeviceConnectedMaxValue=, GroupNameAdd=, BulkAppEdgeGroupNameSearch=Permian Basin, GroupIDAdd=, AlaramRaisedMaxValue=, SerialNumberEdit=, TCName=TC49_Verification of Viewing of all the steppers & select the EDGE GROUP to deploy the application of EDGE Group module by Super admin/Admin user & Operator users, Items Per Page=, DeviceActiveMinValue=, MaximumServerNodeAdd=, BulkEdgeSearch=ICO_120_0005, ServerHostAddressEdit=, BulkAppNameSearchdeployment=, ServerPortEdit=, BulkAppGroupNameSearch=Weatherford123}, TC43_Verification of Server host Address under deployment section of User Edit screen by Super admin/Admin user={GroupNameSearch=Permian Basin, BulkAppNameVersionSearch=, AlaramRaisedMinValue=, DeviceActiveMaxValue=, ItemsPerPage=, ServerHostAddressAdd=, Url=#/auth/login, TC Description=Verification of Server host Address under deployment section of User Edit screen by Super admin/Admin user, OnboardingCertificateFileUpload=, DescriptionAdd=, Userid=devendar.malothu@birlasoft.com, LocationAdd=, DeviceConnectedMinValue=, ServerPortAdd=, Password=Password@123, EdgeConfigurationUploadPath=, applicationGroupNameEdit=, MaximumServerNodeEdit=, AppGroupAdd=, DeviceConnectedMaxValue=, GroupNameAdd=, BulkAppEdgeGroupNameSearch=, GroupIDAdd=, AlaramRaisedMaxValue=, SerialNumberEdit=, TCName=TC43_Verification of Server host Address under deployment section of User Edit screen by Super admin/Admin user, Items Per Page=, DeviceActiveMinValue=2, MaximumServerNodeAdd=, BulkEdgeSearch=, ServerHostAddressEdit=172.206.57.63, BulkAppNameSearchdeployment=, ServerPortEdit=, BulkAppGroupNameSearch=}, TC31_Verification of blank value rejections in available fields of Health section in Add screen of EDGE Group module by Super admin/Admin user={GroupNameSearch=, BulkAppNameVersionSearch=, AlaramRaisedMinValue=, DeviceActiveMaxValue=, ItemsPerPage=, ServerHostAddressAdd=, Url=#/auth/login, TC Description=Verification of blank value rejections in available fields of Health section in Add screen of EDGE Group module by Super admin/Admin user, OnboardingCertificateFileUpload=, DescriptionAdd=, Userid=devendar.malothu@birlasoft.com, LocationAdd=, DeviceConnectedMinValue=, ServerPortAdd=, Password=Password@123, EdgeConfigurationUploadPath=, applicationGroupNameEdit=, MaximumServerNodeEdit=, AppGroupAdd=, DeviceConnectedMaxValue=, GroupNameAdd=, BulkAppEdgeGroupNameSearch=, GroupIDAdd=, AlaramRaisedMaxValue=, SerialNumberEdit=, TCName=TC31_Verification of blank value rejections in available fields of Health section in Add screen of EDGE Group module by Super admin/Admin user, Items Per Page=, DeviceActiveMinValue=, MaximumServerNodeAdd=, BulkEdgeSearch=, ServerHostAddressEdit=, BulkAppNameSearchdeployment=, ServerPortEdit=, BulkAppGroupNameSearch=}, TC58_Verification of deployment failure on empty On boarding key in EDGE Group={GroupNameSearch=, BulkAppNameVersionSearch=1.1.8, AlaramRaisedMinValue=, DeviceActiveMaxValue=, ItemsPerPage=, ServerHostAddressAdd=, Url=#/auth/login, TC Description=Verification of deployment failure on empty On boarding key in EDGE Group, OnboardingCertificateFileUpload=, DescriptionAdd=, Userid=devendar.malothu@birlasoft.com, LocationAdd=, DeviceConnectedMinValue=, ServerPortAdd=, Password=Password@123, EdgeConfigurationUploadPath=, applicationGroupNameEdit=, MaximumServerNodeEdit=, AppGroupAdd=, DeviceConnectedMaxValue=, GroupNameAdd=, BulkAppEdgeGroupNameSearch=Permian Basin, GroupIDAdd=, AlaramRaisedMaxValue=, SerialNumberEdit=, TCName=TC58_Verification of deployment failure on empty On boarding key in EDGE Group, Items Per Page=, DeviceActiveMinValue=, MaximumServerNodeAdd=, BulkEdgeSearch=ICO_120_0005, ServerHostAddressEdit=, BulkAppNameSearchdeployment=, ServerPortEdit=, BulkAppGroupNameSearch=Weatherford123}, TC52_Verification of mulitiple select of the  Active  Edge Group for deploy the application of EDGE Group module by Super admin/Admin user & Operator users={GroupNameSearch=, BulkAppNameVersionSearch=1.1.8, AlaramRaisedMinValue=, DeviceActiveMaxValue=, ItemsPerPage=, ServerHostAddressAdd=, Url=#/auth/login, TC Description=Verification of mulitiple select of the  Active  EDGE Group for deploy the application of EDGE Group module by Super admin/Admin user & Operator users, OnboardingCertificateFileUpload=, DescriptionAdd=, Userid=devendar.malothu@birlasoft.com, LocationAdd=, DeviceConnectedMinValue=, ServerPortAdd=, Password=Password@123, EdgeConfigurationUploadPath=, applicationGroupNameEdit=, MaximumServerNodeEdit=, AppGroupAdd=, DeviceConnectedMaxValue=, GroupNameAdd=, BulkAppEdgeGroupNameSearch=Permian Basin, GroupIDAdd=, AlaramRaisedMaxValue=, SerialNumberEdit=, TCName=TC52_Verification of mulitiple select of the  Active  Edge Group for deploy the application of EDGE Group module by Super admin/Admin user & Operator users, Items Per Page=, DeviceActiveMinValue=, MaximumServerNodeAdd=, BulkEdgeSearch=ICO_120_0005, ServerHostAddressEdit=, BulkAppNameSearchdeployment=, ServerPortEdit=, BulkAppGroupNameSearch=Weatherford123}, TC123_Verification to check the tool tip text visibilty for Input text field Deployment card in ADD Screen={GroupNameSearch=, BulkAppNameVersionSearch=, AlaramRaisedMinValue=, DeviceActiveMaxValue=, ItemsPerPage=, ServerHostAddressAdd=, Url=#/auth/login, TC Description=Verification to check the tool tip text visibilty for Input text field Deployment card in ADD Screen, OnboardingCertificateFileUpload=, DescriptionAdd=, Userid=devendar.malothu@birlasoft.com, LocationAdd=, DeviceConnectedMinValue=, ServerPortAdd=, Password=Password@123, EdgeConfigurationUploadPath=, applicationGroupNameEdit=, MaximumServerNodeEdit=, AppGroupAdd=, DeviceConnectedMaxValue=, GroupNameAdd=, BulkAppEdgeGroupNameSearch=, GroupIDAdd=, AlaramRaisedMaxValue=, SerialNumberEdit=, TCName=TC123_Verification to check the tool tip text visibilty for Input text field Deployment card in ADD Screen, Items Per Page=, DeviceActiveMinValue=, MaximumServerNodeAdd=, BulkEdgeSearch=, ServerHostAddressEdit=, BulkAppNameSearchdeployment=, ServerPortEdit=, BulkAppGroupNameSearch=}, TC68_Verification of error message verbaige for entering invalid details for Sever port={GroupNameSearch=, BulkAppNameVersionSearch=, AlaramRaisedMinValue=10, DeviceActiveMaxValue=, ItemsPerPage=, ServerHostAddressAdd=, Url=#/auth/login, TC Description=Verification of error message verbaige for entering invalid details for Sever port, OnboardingCertificateFileUpload=, DescriptionAdd=, Userid=devendar.malothu@birlasoft.com, LocationAdd=, DeviceConnectedMinValue=, ServerPortAdd=, Password=Password@123, EdgeConfigurationUploadPath=, applicationGroupNameEdit=, MaximumServerNodeEdit=, AppGroupAdd=, DeviceConnectedMaxValue=, GroupNameAdd=, BulkAppEdgeGroupNameSearch=, GroupIDAdd=, AlaramRaisedMaxValue=, SerialNumberEdit=, TCName=TC68_Verification of error message verbaige for entering invalid details for Sever port, Items Per Page=, DeviceActiveMinValue=, MaximumServerNodeAdd=, BulkEdgeSearch=, ServerHostAddressEdit=, BulkAppNameSearchdeployment=, ServerPortEdit=, BulkAppGroupNameSearch=}, TC87_Verification of loading properly in slow network={GroupNameSearch=, BulkAppNameVersionSearch=, AlaramRaisedMinValue=, DeviceActiveMaxValue=, ItemsPerPage=, ServerHostAddressAdd=, Url=#/auth/login, TC Description=Verfication of loading properly in slow network, OnboardingCertificateFileUpload=, DescriptionAdd=, Userid=devendar.malothu@birlasoft.com, LocationAdd=, DeviceConnectedMinValue=, ServerPortAdd=, Password=Password@123, EdgeConfigurationUploadPath=, applicationGroupNameEdit=, MaximumServerNodeEdit=, AppGroupAdd=, DeviceConnectedMaxValue=, GroupNameAdd=, BulkAppEdgeGroupNameSearch=, GroupIDAdd=, AlaramRaisedMaxValue=, SerialNumberEdit=, TCName=TC87_Verification of loading properly in slow network, Items Per Page=, DeviceActiveMinValue=, MaximumServerNodeAdd=, BulkEdgeSearch=, ServerHostAddressEdit=, BulkAppNameSearchdeployment=, ServerPortEdit=, BulkAppGroupNameSearch=}, TC138_Verification to check the column width uniformity={GroupNameSearch=, BulkAppNameVersionSearch=, AlaramRaisedMinValue=, DeviceActiveMaxValue=, ItemsPerPage=, ServerHostAddressAdd=, Url=#/auth/login, TC Description=Verification to check the column width uniformity, OnboardingCertificateFileUpload=, DescriptionAdd=, Userid=devendar.malothu@birlasoft.com, LocationAdd=, DeviceConnectedMinValue=, ServerPortAdd=, Password=Password@123, EdgeConfigurationUploadPath=, applicationGroupNameEdit=, MaximumServerNodeEdit=, AppGroupAdd=, DeviceConnectedMaxValue=, GroupNameAdd=, BulkAppEdgeGroupNameSearch=, GroupIDAdd=, AlaramRaisedMaxValue=, SerialNumberEdit=, TCName=TC138_Verification to check the column width uniformity, Items Per Page=, DeviceActiveMinValue=, MaximumServerNodeAdd=, BulkEdgeSearch=, ServerHostAddressEdit=, BulkAppNameSearchdeployment=, ServerPortEdit=, BulkAppGroupNameSearch=}, TC35_Verification of blank value rejections in available fields of Deployment section in Add screen of EDGE Group module by Super admin/Admin user={GroupNameSearch=, BulkAppNameVersionSearch=, AlaramRaisedMinValue=, DeviceActiveMaxValue=, ItemsPerPage=, ServerHostAddressAdd=, Url=#/auth/login, TC Description=Verification of blank value rejections in available fields of Deployment section in Add screen of EDGE Group module by Super admin/Admin user, OnboardingCertificateFileUpload=, DescriptionAdd=, Userid=devendar.malothu@birlasoft.com, LocationAdd=, DeviceConnectedMinValue=, ServerPortAdd=, Password=Password@123, EdgeConfigurationUploadPath=, applicationGroupNameEdit=, MaximumServerNodeEdit=, AppGroupAdd=, DeviceConnectedMaxValue=, GroupNameAdd=, BulkAppEdgeGroupNameSearch=, GroupIDAdd=, AlaramRaisedMaxValue=, SerialNumberEdit=, TCName=TC35_Verification of blank value rejections in available fields of Deployment section in Add screen of EDGE Group module by Super admin/Admin user, Items Per Page=, DeviceActiveMinValue=, MaximumServerNodeAdd=, BulkEdgeSearch=, ServerHostAddressEdit=, BulkAppNameSearchdeployment=, ServerPortEdit=, BulkAppGroupNameSearch=}, TC72_Verification of standarize text format for error message in toaster={GroupNameSearch=, BulkAppNameVersionSearch=, AlaramRaisedMinValue=Permian Basin, DeviceActiveMaxValue=, ItemsPerPage=, ServerHostAddressAdd=100.100.100, Url=#/auth/login, TC Description=Verification of standarize text format for error message in toaster, OnboardingCertificateFileUpload=, DescriptionAdd=This is for test purpose, Userid=devendar.malothu@birlasoft.com, LocationAdd=Texas, DeviceConnectedMinValue=, ServerPortAdd=8090, Password=Password@123, EdgeConfigurationUploadPath=, applicationGroupNameEdit=Permian Basin, MaximumServerNodeEdit=, AppGroupAdd=Weatherford123, DeviceConnectedMaxValue=, GroupNameAdd=Permian Basin, BulkAppEdgeGroupNameSearch=, GroupIDAdd=EdgeGroup23052024003657, AlaramRaisedMaxValue=, SerialNumberEdit=, TCName=TC72_Verification of standarize text format for error message in toaster, Items Per Page=, DeviceActiveMinValue=, MaximumServerNodeAdd=2, BulkEdgeSearch=, ServerHostAddressEdit=, BulkAppNameSearchdeployment=, ServerPortEdit=, BulkAppGroupNameSearch=}, TC34_Verification of blank value rejections in available fields of Registration sections in Add New screen of EDGE Group module by Super admin/Admin user={GroupNameSearch=, BulkAppNameVersionSearch=, AlaramRaisedMinValue=, DeviceActiveMaxValue=, ItemsPerPage=, ServerHostAddressAdd=, Url=#/auth/login, TC Description=Verification of blank value rejections in available fields of Identity sections in Add screen of EDGE Group module by Super admin/Admin user, OnboardingCertificateFileUpload=, DescriptionAdd=, Userid=devendar.malothu@birlasoft.com, LocationAdd=, DeviceConnectedMinValue=, ServerPortAdd=, Password=Password@123, EdgeConfigurationUploadPath=, applicationGroupNameEdit=, MaximumServerNodeEdit=, AppGroupAdd=, DeviceConnectedMaxValue=, GroupNameAdd=, BulkAppEdgeGroupNameSearch=, GroupIDAdd=, AlaramRaisedMaxValue=, SerialNumberEdit=, TCName=TC34_Verification of blank value rejections in available fields of Registration sections in Add New screen of EDGE Group module by Super admin/Admin user, Items Per Page=, DeviceActiveMinValue=, MaximumServerNodeAdd=, BulkEdgeSearch=, ServerHostAddressEdit=, BulkAppNameSearchdeployment=, ServerPortEdit=, BulkAppGroupNameSearch=}, TC137_Verification to check the visualisation look of the table list={GroupNameSearch=, BulkAppNameVersionSearch=, AlaramRaisedMinValue=, DeviceActiveMaxValue=, ItemsPerPage=, ServerHostAddressAdd=, Url=#/auth/login, TC Description=Verification to check the visualisation look of the table list, OnboardingCertificateFileUpload=, DescriptionAdd=, Userid=devendar.malothu@birlasoft.com, LocationAdd=, DeviceConnectedMinValue=, ServerPortAdd=, Password=Password@123, EdgeConfigurationUploadPath=, applicationGroupNameEdit=, MaximumServerNodeEdit=, AppGroupAdd=, DeviceConnectedMaxValue=, GroupNameAdd=, BulkAppEdgeGroupNameSearch=, GroupIDAdd=, AlaramRaisedMaxValue=, SerialNumberEdit=, TCName=TC137_Verification to check the visualisation look of the table list, Items Per Page=, DeviceActiveMinValue=, MaximumServerNodeAdd=, BulkEdgeSearch=, ServerHostAddressEdit=, BulkAppNameSearchdeployment=, ServerPortEdit=, BulkAppGroupNameSearch=}, TC81_Verification of check filter icon availability for Devices Active column={GroupNameSearch=, BulkAppNameVersionSearch=, AlaramRaisedMinValue=, DeviceActiveMaxValue=, ItemsPerPage=, ServerHostAddressAdd=, Url=#/auth/login, TC Description=Verification of check filter icon availability for Devices Active column, OnboardingCertificateFileUpload=, DescriptionAdd=, Userid=devendar.malothu@birlasoft.com, LocationAdd=, DeviceConnectedMinValue=, ServerPortAdd=, Password=Password@123, EdgeConfigurationUploadPath=, applicationGroupNameEdit=, MaximumServerNodeEdit=, AppGroupAdd=, DeviceConnectedMaxValue=, GroupNameAdd=, BulkAppEdgeGroupNameSearch=, GroupIDAdd=, AlaramRaisedMaxValue=, SerialNumberEdit=, TCName=TC81_Verification of check filter icon availability for Devices Active column, Items Per Page=, DeviceActiveMinValue=, MaximumServerNodeAdd=, BulkEdgeSearch=, ServerHostAddressEdit=, BulkAppNameSearchdeployment=, ServerPortEdit=, BulkAppGroupNameSearch=}, TC89_Verification of the accessible the screen by using wi-fi network={GroupNameSearch=, BulkAppNameVersionSearch=, AlaramRaisedMinValue=, DeviceActiveMaxValue=, ItemsPerPage=, ServerHostAddressAdd=, Url=#/auth/login, TC Description=Verification of the accessible the screen by using wi-fi network, OnboardingCertificateFileUpload=, DescriptionAdd=, Userid=devendar.malothu@birlasoft.com, LocationAdd=, DeviceConnectedMinValue=, ServerPortAdd=, Password=Password@123, EdgeConfigurationUploadPath=, applicationGroupNameEdit=, MaximumServerNodeEdit=, AppGroupAdd=, DeviceConnectedMaxValue=, GroupNameAdd=, BulkAppEdgeGroupNameSearch=, GroupIDAdd=, AlaramRaisedMaxValue=, SerialNumberEdit=, TCName=TC89_Verification of the accessible the screen by using wi-fi network, Items Per Page=, DeviceActiveMinValue=, MaximumServerNodeAdd=, BulkEdgeSearch=, ServerHostAddressEdit=, BulkAppNameSearchdeployment=, ServerPortEdit=, BulkAppGroupNameSearch=}, TC12_Verification of Bulk Application Deploy  functionality in the EDGE Group List screen by Super admin/Admin user={GroupNameSearch=Permian Basin, BulkAppNameVersionSearch=1.1.8, AlaramRaisedMinValue=, DeviceActiveMaxValue=, ItemsPerPage=, ServerHostAddressAdd=, Url=#/auth/login, TC Description=Verification of Application Deploy functionality in the EDGE Group List screen by Super admin/Admin user, OnboardingCertificateFileUpload=, DescriptionAdd=, Userid=devendar.malothu@birlasoft.com, LocationAdd=, DeviceConnectedMinValue=, ServerPortAdd=, Password=Password@123, EdgeConfigurationUploadPath=, applicationGroupNameEdit=, MaximumServerNodeEdit=, AppGroupAdd=, DeviceConnectedMaxValue=, GroupNameAdd=, BulkAppEdgeGroupNameSearch=Permian Basin, GroupIDAdd=, AlaramRaisedMaxValue=, SerialNumberEdit=, TCName=TC12_Verification of Bulk Application Deploy  functionality in the EDGE Group List screen by Super admin/Admin user, Items Per Page=, DeviceActiveMinValue=, MaximumServerNodeAdd=, BulkEdgeSearch=ICO_120_0005, ServerHostAddressEdit=, BulkAppNameSearchdeployment=, ServerPortEdit=, BulkAppGroupNameSearch=Weatherford123}, TC29_Verification of the removal of search results and text for all columns in the EDGE Group screen by Super admin/Admin user={GroupNameSearch=Permian Basin, BulkAppNameVersionSearch=, AlaramRaisedMinValue=0, DeviceActiveMaxValue=6, ItemsPerPage=, ServerHostAddressAdd=, Url=#/auth/login, TC Description=Verification of the removal of search results and text for all columns in the EDGE Group screen by Super admin/Admin user, OnboardingCertificateFileUpload=, DescriptionAdd=, Userid=devendar.malothu@birlasoft.com, LocationAdd=, DeviceConnectedMinValue=5, ServerPortAdd=, Password=Password@123, EdgeConfigurationUploadPath=, applicationGroupNameEdit=, MaximumServerNodeEdit=, AppGroupAdd=, DeviceConnectedMaxValue=60, GroupNameAdd=, BulkAppEdgeGroupNameSearch=, GroupIDAdd=, AlaramRaisedMaxValue=11, SerialNumberEdit=, TCName=TC29_Verification of the removal of search results and text for all columns in the EDGE Group screen by Super admin/Admin user, Items Per Page=, DeviceActiveMinValue=5, MaximumServerNodeAdd=, BulkEdgeSearch=, ServerHostAddressEdit=, BulkAppNameSearchdeployment=, ServerPortEdit=, BulkAppGroupNameSearch=}, TC14_Verification of tooltip functionality for Delete icon in Actions column of the EDGE Group List screen by Super admin/Admin user={GroupNameSearch=, BulkAppNameVersionSearch=, AlaramRaisedMinValue=, DeviceActiveMaxValue=, ItemsPerPage=, ServerHostAddressAdd=, Url=#/auth/login, TC Description=Verification of tooltip functionality for Delete icon in Actions column of the EDGE Group List screen by Super admin/Admin user, OnboardingCertificateFileUpload=, DescriptionAdd=, Userid=devendar.malothu@birlasoft.com, LocationAdd=, DeviceConnectedMinValue=, ServerPortAdd=, Password=Password@123, EdgeConfigurationUploadPath=, applicationGroupNameEdit=, MaximumServerNodeEdit=, AppGroupAdd=, DeviceConnectedMaxValue=, GroupNameAdd=, BulkAppEdgeGroupNameSearch=, GroupIDAdd=, AlaramRaisedMaxValue=, SerialNumberEdit=, TCName=TC14_Verification of tooltip functionality for Delete icon in Actions column of the EDGE Group List screen by Super admin/Admin user, Items Per Page=, DeviceActiveMinValue=, MaximumServerNodeAdd=, BulkEdgeSearch=, ServerHostAddressEdit=, BulkAppNameSearchdeployment=, ServerPortEdit=, BulkAppGroupNameSearch=}, TC70_Verification of alignment for all the input text fields in EDIT Screen={GroupNameSearch=, BulkAppNameVersionSearch=, AlaramRaisedMinValue=10, DeviceActiveMaxValue=, ItemsPerPage=, ServerHostAddressAdd=, Url=#/auth/login, TC Description=Verfication of alignment for all the input text fields in EDIT Screen, OnboardingCertificateFileUpload=, DescriptionAdd=, Userid=devendar.malothu@birlasoft.com, LocationAdd=, DeviceConnectedMinValue=, ServerPortAdd=, Password=Password@123, EdgeConfigurationUploadPath=, applicationGroupNameEdit=, MaximumServerNodeEdit=, AppGroupAdd=, DeviceConnectedMaxValue=, GroupNameAdd=, BulkAppEdgeGroupNameSearch=, GroupIDAdd=, AlaramRaisedMaxValue=, SerialNumberEdit=, TCName=TC70_Verification of alignment for all the input text fields in EDIT Screen, Items Per Page=, DeviceActiveMinValue=, MaximumServerNodeAdd=, BulkEdgeSearch=, ServerHostAddressEdit=, BulkAppNameSearchdeployment=, ServerPortEdit=, BulkAppGroupNameSearch=}, TC07_Verification of Search button functionality in the EDGE Group List screen by Super admin/Admin user={GroupNameSearch=, BulkAppNameVersionSearch=, AlaramRaisedMinValue=, DeviceActiveMaxValue=8, ItemsPerPage=, ServerHostAddressAdd=, Url=#/auth/login, TC Description=Verification of Search button functionality in the EDGE Group List screen by Super admin/Admin user, OnboardingCertificateFileUpload=, DescriptionAdd=, Userid=devendar.malothu@birlasoft.com, LocationAdd=, DeviceConnectedMinValue=2, ServerPortAdd=, Password=Password@123, EdgeConfigurationUploadPath=, applicationGroupNameEdit=, MaximumServerNodeEdit=, AppGroupAdd=, DeviceConnectedMaxValue=60, GroupNameAdd=, BulkAppEdgeGroupNameSearch=, GroupIDAdd=, AlaramRaisedMaxValue=, SerialNumberEdit=, TCName=TC07_Verification of Search button functionality in the EDGE Group List screen by Super admin/Admin user, Items Per Page=, DeviceActiveMinValue=5, MaximumServerNodeAdd=, BulkEdgeSearch=, ServerHostAddressEdit=, BulkAppNameSearchdeployment=, ServerPortEdit=, BulkAppGroupNameSearch=}, TC24_Verification of the search functionality for Group Name column (Valid Group Name) in the EDGE Group List screen by Super admin/Admin user={GroupNameSearch=Permian Basin, BulkAppNameVersionSearch=, AlaramRaisedMinValue=, DeviceActiveMaxValue=, ItemsPerPage=, ServerHostAddressAdd=, Url=#/auth/login, TC Description=Verification of the search functionality for Group Name column (Valid Group Name) in the EDGE Group List screen by Super admin/Admin user, OnboardingCertificateFileUpload=, DescriptionAdd=, Userid=devendar.malothu@birlasoft.com, LocationAdd=, DeviceConnectedMinValue=, ServerPortAdd=, Password=Password@123, EdgeConfigurationUploadPath=, applicationGroupNameEdit=, MaximumServerNodeEdit=, AppGroupAdd=, DeviceConnectedMaxValue=, GroupNameAdd=, BulkAppEdgeGroupNameSearch=, GroupIDAdd=, AlaramRaisedMaxValue=, SerialNumberEdit=, TCName=TC24_Verification of the search functionality for Group Name column (Valid Group Name) in the EDGE Group List screen by Super admin/Admin user, Items Per Page=, DeviceActiveMinValue=, MaximumServerNodeAdd=, BulkEdgeSearch=, ServerHostAddressEdit=, BulkAppNameSearchdeployment=, ServerPortEdit=, BulkAppGroupNameSearch=}, TC110_Verification of pagination last page & first page using backward & forward arrow button={GroupNameSearch=, BulkAppNameVersionSearch=, AlaramRaisedMinValue=, DeviceActiveMaxValue=, ItemsPerPage=5, ServerHostAddressAdd=, Url=#/auth/login, TC Description=Verfication of pagination last page & first page using backward & forward arrow button, OnboardingCertificateFileUpload=, DescriptionAdd=, Userid=devendar.malothu@birlasoft.com, LocationAdd=, DeviceConnectedMinValue=, ServerPortAdd=, Password=Password@123, EdgeConfigurationUploadPath=, applicationGroupNameEdit=, MaximumServerNodeEdit=, AppGroupAdd=, DeviceConnectedMaxValue=, GroupNameAdd=, BulkAppEdgeGroupNameSearch=, GroupIDAdd=, AlaramRaisedMaxValue=, SerialNumberEdit=, TCName=TC110_Verification of pagination last page & first page using backward & forward arrow button, Items Per Page=, DeviceActiveMinValue=, MaximumServerNodeAdd=, BulkEdgeSearch=, ServerHostAddressEdit=, BulkAppNameSearchdeployment=, ServerPortEdit=, BulkAppGroupNameSearch=}, TC114_Verification of tool tip text visibilty for Devices connected={GroupNameSearch=, BulkAppNameVersionSearch=, AlaramRaisedMinValue=, DeviceActiveMaxValue=, ItemsPerPage=, ServerHostAddressAdd=, Url=#/auth/login, TC Description=Verification of tool tip text visibilty for Devices connected, OnboardingCertificateFileUpload=, DescriptionAdd=, Userid=devendar.malothu@birlasoft.com, LocationAdd=, DeviceConnectedMinValue=, ServerPortAdd=, Password=Password@123, EdgeConfigurationUploadPath=, applicationGroupNameEdit=, MaximumServerNodeEdit=, AppGroupAdd=, DeviceConnectedMaxValue=, GroupNameAdd=, BulkAppEdgeGroupNameSearch=, GroupIDAdd=, AlaramRaisedMaxValue=, SerialNumberEdit=, TCName=TC114_Verification of tool tip text visibilty for Devices connected, Items Per Page=, DeviceActiveMinValue=, MaximumServerNodeAdd=, BulkEdgeSearch=, ServerHostAddressEdit=, BulkAppNameSearchdeployment=, ServerPortEdit=, BulkAppGroupNameSearch=}, TC05_Verification of Refreshing button functionality in the EDGE Group List screen by Super admin/Admin user={GroupNameSearch=, BulkAppNameVersionSearch=, AlaramRaisedMinValue=, DeviceActiveMaxValue=, ItemsPerPage=, ServerHostAddressAdd=, Url=#/auth/login, TC Description=Verification of Refreshing button functionality in the EDGE Group List screen by Super admin/Admin user, OnboardingCertificateFileUpload=, DescriptionAdd=, Userid=devendar.malothu@birlasoft.com, LocationAdd=, DeviceConnectedMinValue=, ServerPortAdd=, Password=Password@123, EdgeConfigurationUploadPath=, applicationGroupNameEdit=, MaximumServerNodeEdit=, AppGroupAdd=, DeviceConnectedMaxValue=, GroupNameAdd=, BulkAppEdgeGroupNameSearch=, GroupIDAdd=, AlaramRaisedMaxValue=, SerialNumberEdit=, TCName=TC05_Verification of Refreshing button functionality in the EDGE Group List screen by Super admin/Admin user, Items Per Page=, DeviceActiveMinValue=, MaximumServerNodeAdd=, BulkEdgeSearch=, ServerHostAddressEdit=, BulkAppNameSearchdeployment=, ServerPortEdit=, BulkAppGroupNameSearch=}, TC04_Verification of displaying the Add button, Refresh, Application deployment,Bulk upload & Download button icons on top right side of EDGE Group List screen by Super admin/Admin user={GroupNameSearch=, BulkAppNameVersionSearch=, AlaramRaisedMinValue=, DeviceActiveMaxValue=, ItemsPerPage=, ServerHostAddressAdd=, Url=#/auth/login, TC Description=Verification of displaying the Add button, Refresh, Application deployment,Bulk upload & Download button icons on top right side of EDGE Group List screen by Super admin/Admin user, OnboardingCertificateFileUpload=, DescriptionAdd=, Userid=devendar.malothu@birlasoft.com, LocationAdd=, DeviceConnectedMinValue=, ServerPortAdd=, Password=Password@123, EdgeConfigurationUploadPath=, applicationGroupNameEdit=, MaximumServerNodeEdit=, AppGroupAdd=, DeviceConnectedMaxValue=, GroupNameAdd=tester, BulkAppEdgeGroupNameSearch=, GroupIDAdd=, AlaramRaisedMaxValue=, SerialNumberEdit=, TCName=TC04_Verification of displaying the Add button, Refresh, Application deployment,Bulk upload & Download button icons on top right side of EDGE Group List screen by Super admin/Admin user, Items Per Page=, DeviceActiveMinValue=, MaximumServerNodeAdd=, BulkEdgeSearch=, ServerHostAddressEdit=, BulkAppNameSearchdeployment=, ServerPortEdit=, BulkAppGroupNameSearch=}, TC59_Verification of deployment failure on wrong /empty server port on EDGE Group={GroupNameSearch=, BulkAppNameVersionSearch=1.1.8, AlaramRaisedMinValue=, DeviceActiveMaxValue=, ItemsPerPage=, ServerHostAddressAdd=, Url=#/auth/login, TC Description=Verification of deployment failure on wrong /empty server port on EDGE Group, OnboardingCertificateFileUpload=, DescriptionAdd=, Userid=devendar.malothu@birlasoft.com, LocationAdd=, DeviceConnectedMinValue=, ServerPortAdd=, Password=Password@123, EdgeConfigurationUploadPath=, applicationGroupNameEdit=, MaximumServerNodeEdit=, AppGroupAdd=, DeviceConnectedMaxValue=, GroupNameAdd=, BulkAppEdgeGroupNameSearch=Permian Basin, GroupIDAdd=, AlaramRaisedMaxValue=, SerialNumberEdit=, TCName=TC59_Verification of deployment failure on wrong /empty server port on EDGE Group, Items Per Page=, DeviceActiveMinValue=, MaximumServerNodeAdd=, BulkEdgeSearch=ICO_120_0005, ServerHostAddressEdit=, BulkAppNameSearchdeployment=, ServerPortEdit=, BulkAppGroupNameSearch=Weatherford123}, TC117_Verification of tool tip text visibilty for EDIT button in Actions column={GroupNameSearch=, BulkAppNameVersionSearch=, AlaramRaisedMinValue=, DeviceActiveMaxValue=, ItemsPerPage=, ServerHostAddressAdd=, Url=#/auth/login, TC Description=Verification of tool tip text visibilty for EDIT button in Actions column, OnboardingCertificateFileUpload=, DescriptionAdd=, Userid=devendar.malothu@birlasoft.com, LocationAdd=, DeviceConnectedMinValue=, ServerPortAdd=, Password=Password@123, EdgeConfigurationUploadPath=, applicationGroupNameEdit=, MaximumServerNodeEdit=, AppGroupAdd=, DeviceConnectedMaxValue=, GroupNameAdd=, BulkAppEdgeGroupNameSearch=, GroupIDAdd=, AlaramRaisedMaxValue=, SerialNumberEdit=, TCName=TC117_Verification of tool tip text visibilty for EDIT button in Actions column, Items Per Page=, DeviceActiveMinValue=, MaximumServerNodeAdd=, BulkEdgeSearch=, ServerHostAddressEdit=, BulkAppNameSearchdeployment=, ServerPortEdit=, BulkAppGroupNameSearch=}, TC103_Verification of accessbility the filter icon for Group Name={GroupNameSearch=, BulkAppNameVersionSearch=, AlaramRaisedMinValue=, DeviceActiveMaxValue=, ItemsPerPage=, ServerHostAddressAdd=, Url=#/auth/login, TC Description=Verification of accessbility the filter icon for Group Name, OnboardingCertificateFileUpload=, DescriptionAdd=, Userid=devendar.malothu@birlasoft.com, LocationAdd=, DeviceConnectedMinValue=, ServerPortAdd=, Password=Password@123, EdgeConfigurationUploadPath=, applicationGroupNameEdit=, MaximumServerNodeEdit=, AppGroupAdd=, DeviceConnectedMaxValue=, GroupNameAdd=, BulkAppEdgeGroupNameSearch=, GroupIDAdd=, AlaramRaisedMaxValue=, SerialNumberEdit=, TCName=TC103_Verification of accessbility the filter icon for Group Name, Items Per Page=, DeviceActiveMinValue=, MaximumServerNodeAdd=, BulkEdgeSearch=, ServerHostAddressEdit=, BulkAppNameSearchdeployment=, ServerPortEdit=, BulkAppGroupNameSearch=}, TC53_Verification of Single select of the Active Application for deploy of EDGE Group module by Super admin/Admin user  & Operator users={GroupNameSearch=, BulkAppNameVersionSearch=1.1.8, AlaramRaisedMinValue=, DeviceActiveMaxValue=, ItemsPerPage=, ServerHostAddressAdd=, Url=#/auth/login, TC Description=Verification of Single select of the Active Application for deploy of EDGE Group module by Super admin/Admin user  & Operator users, OnboardingCertificateFileUpload=, DescriptionAdd=, Userid=devendar.malothu@birlasoft.com, LocationAdd=, DeviceConnectedMinValue=, ServerPortAdd=, Password=Password@123, EdgeConfigurationUploadPath=, applicationGroupNameEdit=, MaximumServerNodeEdit=, AppGroupAdd=, DeviceConnectedMaxValue=, GroupNameAdd=, BulkAppEdgeGroupNameSearch=Permian Basin, GroupIDAdd=, AlaramRaisedMaxValue=, SerialNumberEdit=, TCName=TC53_Verification of Single select of the Active Application for deploy of EDGE Group module by Super admin/Admin user  & Operator users, Items Per Page=, DeviceActiveMinValue=, MaximumServerNodeAdd=, BulkEdgeSearch=ICO_120_0005, ServerHostAddressEdit=, BulkAppNameSearchdeployment=, ServerPortEdit=, BulkAppGroupNameSearch=Weatherford123}, TC133_Verification of check the multi select options for screen={GroupNameSearch=, BulkAppNameVersionSearch=, AlaramRaisedMinValue=, DeviceActiveMaxValue=, ItemsPerPage=, ServerHostAddressAdd=, Url=#/auth/login, TC Description=Verification of check the multi select options for screen, OnboardingCertificateFileUpload=, DescriptionAdd=, Userid=devendar.malothu@birlasoft.com, LocationAdd=, DeviceConnectedMinValue=, ServerPortAdd=, Password=Password@123, EdgeConfigurationUploadPath=, applicationGroupNameEdit=, MaximumServerNodeEdit=, AppGroupAdd=, DeviceConnectedMaxValue=, GroupNameAdd=, BulkAppEdgeGroupNameSearch=, GroupIDAdd=, AlaramRaisedMaxValue=, SerialNumberEdit=, TCName=TC133_Verification of check the multi select options for screen, Items Per Page=, DeviceActiveMinValue=, MaximumServerNodeAdd=, BulkEdgeSearch=, ServerHostAddressEdit=, BulkAppNameSearchdeployment=, ServerPortEdit=, BulkAppGroupNameSearch=}, TC105_Verification of accessbility the filter icon for Devices Connected={GroupNameSearch=, BulkAppNameVersionSearch=, AlaramRaisedMinValue=, DeviceActiveMaxValue=, ItemsPerPage=, ServerHostAddressAdd=, Url=#/auth/login, TC Description=Verification of accessbility the filter icon for Devices Connected, OnboardingCertificateFileUpload=, DescriptionAdd=, Userid=devendar.malothu@birlasoft.com, LocationAdd=, DeviceConnectedMinValue=, ServerPortAdd=, Password=Password@123, EdgeConfigurationUploadPath=, applicationGroupNameEdit=, MaximumServerNodeEdit=, AppGroupAdd=, DeviceConnectedMaxValue=, GroupNameAdd=, BulkAppEdgeGroupNameSearch=, GroupIDAdd=, AlaramRaisedMaxValue=, SerialNumberEdit=, TCName=TC105_Verification of accessbility the filter icon for Devices Connected, Items Per Page=, DeviceActiveMinValue=, MaximumServerNodeAdd=, BulkEdgeSearch=, ServerHostAddressEdit=, BulkAppNameSearchdeployment=, ServerPortEdit=, BulkAppGroupNameSearch=}, TC130_Verification of alignment for maximize & minimize the screen={GroupNameSearch=, BulkAppNameVersionSearch=, AlaramRaisedMinValue=, DeviceActiveMaxValue=, ItemsPerPage=, ServerHostAddressAdd=, Url=#/auth/login, TC Description=Verification of alignment for maximize & minimize the screen, OnboardingCertificateFileUpload=, DescriptionAdd=, Userid=devendar.malothu@birlasoft.com, LocationAdd=, DeviceConnectedMinValue=, ServerPortAdd=, Password=Password@123, EdgeConfigurationUploadPath=, applicationGroupNameEdit=, MaximumServerNodeEdit=, AppGroupAdd=, DeviceConnectedMaxValue=, GroupNameAdd=, BulkAppEdgeGroupNameSearch=, GroupIDAdd=, AlaramRaisedMaxValue=, SerialNumberEdit=, TCName=TC130_Verification of alignment for maximize & minimize the screen, Items Per Page=, DeviceActiveMinValue=, MaximumServerNodeAdd=, BulkEdgeSearch=, ServerHostAddressEdit=, BulkAppNameSearchdeployment=, ServerPortEdit=, BulkAppGroupNameSearch=}, TC15_Verification of tooltip functionality for STOP icon button under action column={GroupNameSearch=, BulkAppNameVersionSearch=, AlaramRaisedMinValue=, DeviceActiveMaxValue=, ItemsPerPage=, ServerHostAddressAdd=, Url=#/auth/login, TC Description=Verification of tooltip functionality for STOP icon button under action column, OnboardingCertificateFileUpload=, DescriptionAdd=, Userid=devendar.malothu@birlasoft.com, LocationAdd=, DeviceConnectedMinValue=, ServerPortAdd=, Password=Password@123, EdgeConfigurationUploadPath=, applicationGroupNameEdit=, MaximumServerNodeEdit=, AppGroupAdd=, DeviceConnectedMaxValue=, GroupNameAdd=, BulkAppEdgeGroupNameSearch=, GroupIDAdd=, AlaramRaisedMaxValue=, SerialNumberEdit=, TCName=TC15_Verification of tooltip functionality for STOP icon button under action column, Items Per Page=, DeviceActiveMinValue=, MaximumServerNodeAdd=, BulkEdgeSearch=, ServerHostAddressEdit=, BulkAppNameSearchdeployment=, ServerPortEdit=, BulkAppGroupNameSearch=}, TC115_Verification of tool tip text visibilty for Devices Active={GroupNameSearch=, BulkAppNameVersionSearch=, AlaramRaisedMinValue=, DeviceActiveMaxValue=, ItemsPerPage=, ServerHostAddressAdd=, Url=#/auth/login, TC Description=Verification of tool tip text visibilty for Devices Active, OnboardingCertificateFileUpload=, DescriptionAdd=, Userid=devendar.malothu@birlasoft.com, LocationAdd=, DeviceConnectedMinValue=, ServerPortAdd=, Password=Password@123, EdgeConfigurationUploadPath=, applicationGroupNameEdit=, MaximumServerNodeEdit=, AppGroupAdd=, DeviceConnectedMaxValue=, GroupNameAdd=, BulkAppEdgeGroupNameSearch=, GroupIDAdd=, AlaramRaisedMaxValue=, SerialNumberEdit=, TCName=TC115_Verification of tool tip text visibilty for Devices Active, Items Per Page=, DeviceActiveMinValue=, MaximumServerNodeAdd=, BulkEdgeSearch=, ServerHostAddressEdit=, BulkAppNameSearchdeployment=, ServerPortEdit=, BulkAppGroupNameSearch=}, TC135_Verification to check the content for all the error messages={GroupNameSearch=, BulkAppNameVersionSearch=, AlaramRaisedMinValue=, DeviceActiveMaxValue=, ItemsPerPage=, ServerHostAddressAdd=, Url=#/auth/login, TC Description=Verfication to check the content for all the error messages, OnboardingCertificateFileUpload=, DescriptionAdd=, Userid=devendar.malothu@birlasoft.com, LocationAdd=, DeviceConnectedMinValue=, ServerPortAdd=, Password=Password@123, EdgeConfigurationUploadPath=, applicationGroupNameEdit=, MaximumServerNodeEdit=, AppGroupAdd=, DeviceConnectedMaxValue=, GroupNameAdd=, BulkAppEdgeGroupNameSearch=, GroupIDAdd=, AlaramRaisedMaxValue=, SerialNumberEdit=, TCName=TC135_Verification to check the content for all the error messages, Items Per Page=, DeviceActiveMinValue=, MaximumServerNodeAdd=, BulkEdgeSearch=, ServerHostAddressEdit=, BulkAppNameSearchdeployment=, ServerPortEdit=, BulkAppGroupNameSearch=}, TC126_Verification to check the tool tip text visibilty for Input text field Registration card in EDIT Screen={GroupNameSearch=, BulkAppNameVersionSearch=, AlaramRaisedMinValue=, DeviceActiveMaxValue=, ItemsPerPage=, ServerHostAddressAdd=, Url=#/auth/login, TC Description=Verification to check the tool tip text visibilty for Input text field Registration card in EDIT Screen, OnboardingCertificateFileUpload=, DescriptionAdd=, Userid=devendar.malothu@birlasoft.com, LocationAdd=, DeviceConnectedMinValue=, ServerPortAdd=, Password=Password@123, EdgeConfigurationUploadPath=, applicationGroupNameEdit=, MaximumServerNodeEdit=, AppGroupAdd=, DeviceConnectedMaxValue=, GroupNameAdd=, BulkAppEdgeGroupNameSearch=, GroupIDAdd=, AlaramRaisedMaxValue=, SerialNumberEdit=, TCName=TC126_Verification to check the tool tip text visibilty for Input text field Registration card in EDIT Screen, Items Per Page=, DeviceActiveMinValue=, MaximumServerNodeAdd=, BulkEdgeSearch=, ServerHostAddressEdit=, BulkAppNameSearchdeployment=, ServerPortEdit=, BulkAppGroupNameSearch=}, TC100_Verification of the accessible the page by using mobile network={GroupNameSearch=, BulkAppNameVersionSearch=, AlaramRaisedMinValue=, DeviceActiveMaxValue=, ItemsPerPage=, ServerHostAddressAdd=, Url=#/auth/login, TC Description=Verification of the accessible the page by using mobile network, OnboardingCertificateFileUpload=, DescriptionAdd=, Userid=devendar.malothu@birlasoft.com, LocationAdd=, DeviceConnectedMinValue=, ServerPortAdd=, Password=Password@123, EdgeConfigurationUploadPath=, applicationGroupNameEdit=, MaximumServerNodeEdit=, AppGroupAdd=, DeviceConnectedMaxValue=, GroupNameAdd=, BulkAppEdgeGroupNameSearch=, GroupIDAdd=, AlaramRaisedMaxValue=, SerialNumberEdit=, TCName=TC100_Verification of the accessible the page by using mobile network, Items Per Page=, DeviceActiveMinValue=, MaximumServerNodeAdd=, BulkEdgeSearch=, ServerHostAddressEdit=, BulkAppNameSearchdeployment=, ServerPortEdit=, BulkAppGroupNameSearch=}, TC27_Verification of the change in colour of three dots for all columns in the EDGE Group List screen by Super admin/Admin user when search filter is applied={GroupNameSearch=, BulkAppNameVersionSearch=, AlaramRaisedMinValue=, DeviceActiveMaxValue=, ItemsPerPage=, ServerHostAddressAdd=, Url=#/auth/login, TC Description=Verification of the change in colour of three dots for all columns in the EDGE Group List screen by Super admin/Admin user when search filter is applied , OnboardingCertificateFileUpload=, DescriptionAdd=, Userid=devendar.malothu@birlasoft.com, LocationAdd=, DeviceConnectedMinValue=, ServerPortAdd=, Password=Password@123, EdgeConfigurationUploadPath=, applicationGroupNameEdit=, MaximumServerNodeEdit=, AppGroupAdd=, DeviceConnectedMaxValue=, GroupNameAdd=, BulkAppEdgeGroupNameSearch=, GroupIDAdd=, AlaramRaisedMaxValue=, SerialNumberEdit=, TCName=TC27_Verification of the change in colour of three dots for all columns in the EDGE Group List screen by Super admin/Admin user when search filter is applied, Items Per Page=, DeviceActiveMinValue=, MaximumServerNodeAdd=, BulkEdgeSearch=, ServerHostAddressEdit=, BulkAppNameSearchdeployment=, ServerPortEdit=, BulkAppGroupNameSearch=}, TC28_Verification of the display of search bar and text for all columns in the EDGE Group List screen by Super admin/Admin user={GroupNameSearch=, BulkAppNameVersionSearch=, AlaramRaisedMinValue=0, DeviceActiveMaxValue=2, ItemsPerPage=, ServerHostAddressAdd=, Url=#/auth/login, TC Description=Verification of the display of search bar and text for all columns in the EDGE Group List screen by Super admin/Admin user, OnboardingCertificateFileUpload=, DescriptionAdd=, Userid=devendar.malothu@birlasoft.com, LocationAdd=, DeviceConnectedMinValue=1, ServerPortAdd=, Password=Password@123, EdgeConfigurationUploadPath=, applicationGroupNameEdit=, MaximumServerNodeEdit=, AppGroupAdd=, DeviceConnectedMaxValue=2, GroupNameAdd=, BulkAppEdgeGroupNameSearch=, GroupIDAdd=, AlaramRaisedMaxValue=11, SerialNumberEdit=, TCName=TC28_Verification of the display of search bar and text for all columns in the EDGE Group List screen by Super admin/Admin user, Items Per Page=, DeviceActiveMinValue=0, MaximumServerNodeAdd=, BulkEdgeSearch=, ServerHostAddressEdit=, BulkAppNameSearchdeployment=, ServerPortEdit=, BulkAppGroupNameSearch=}, TC37_Verification of the acceptance of Numeric,Special characters & alphabets values in GROUP ID Text field in the Identity section of User Add screen by Super admin/Admin user={GroupNameSearch=, BulkAppNameVersionSearch=, AlaramRaisedMinValue=, DeviceActiveMaxValue=, ItemsPerPage=, ServerHostAddressAdd=, Url=#/auth/login, TC Description=Verification of the acceptance of Numeric,Special characters & alphabets values in GROUP ID Text field in the Identity section of User Add screen by Super admin/Admin user, OnboardingCertificateFileUpload=, DescriptionAdd=, Userid=devendar.malothu@birlasoft.com, LocationAdd=, DeviceConnectedMinValue=, ServerPortAdd=, Password=Password@123, EdgeConfigurationUploadPath=, applicationGroupNameEdit=, MaximumServerNodeEdit=, AppGroupAdd=, DeviceConnectedMaxValue=, GroupNameAdd=, BulkAppEdgeGroupNameSearch=, GroupIDAdd=My_Test_One_188888888888888dddddddddddddddddddddddddddddd8888999999999999999, AlaramRaisedMaxValue=, SerialNumberEdit=, TCName=TC37_Verification of the acceptance of Numeric,Special characters & alphabets values in GROUP ID Text field in the Identity section of User Add screen by Super admin/Admin user, Items Per Page=, DeviceActiveMinValue=, MaximumServerNodeAdd=, BulkEdgeSearch=, ServerHostAddressEdit=, BulkAppNameSearchdeployment=, ServerPortEdit=, BulkAppGroupNameSearch=}, TC36_Verification of blank value rejections in available fields of Configuration section in Add screen of EDGE Group module by Super admin/Admin user={GroupNameSearch=, BulkAppNameVersionSearch=, AlaramRaisedMinValue=, DeviceActiveMaxValue=, ItemsPerPage=, ServerHostAddressAdd=, Url=#/auth/login, TC Description=Verification of blank value rejections in available fields of Configuration section in Add screen of EDGE Group module by Super admin/Admin user, OnboardingCertificateFileUpload=, DescriptionAdd=, Userid=devendar.malothu@birlasoft.com, LocationAdd=, DeviceConnectedMinValue=, ServerPortAdd=, Password=Password@123, EdgeConfigurationUploadPath=, applicationGroupNameEdit=, MaximumServerNodeEdit=, AppGroupAdd=, DeviceConnectedMaxValue=, GroupNameAdd=, BulkAppEdgeGroupNameSearch=, GroupIDAdd=, AlaramRaisedMaxValue=, SerialNumberEdit=, TCName=TC36_Verification of blank value rejections in available fields of Configuration section in Add screen of EDGE Group module by Super admin/Admin user, Items Per Page=, DeviceActiveMinValue=, MaximumServerNodeAdd=, BulkEdgeSearch=, ServerHostAddressEdit=, BulkAppNameSearchdeployment=, ServerPortEdit=, BulkAppGroupNameSearch=}, TC39_Verification of breaching the Max character limit in Group Name Text field in the Identity section of User Add screen by Super admin/Admin user={GroupNameSearch=, BulkAppNameVersionSearch=, AlaramRaisedMinValue=, DeviceActiveMaxValue=, ItemsPerPage=, ServerHostAddressAdd=, Url=#/auth/login, TC Description=Verification of breaching the Max character limit in Group ID Text field in the Identity section of User Add screen by Super admin/Admin user, OnboardingCertificateFileUpload=, DescriptionAdd=, Userid=devendar.malothu@birlasoft.com, LocationAdd=, DeviceConnectedMinValue=, ServerPortAdd=, Password=Password@123, EdgeConfigurationUploadPath=, applicationGroupNameEdit=, MaximumServerNodeEdit=, AppGroupAdd=, DeviceConnectedMaxValue=, GroupNameAdd=, BulkAppEdgeGroupNameSearch=, GroupIDAdd=My_Test_One_188888888888888dddddddddddddddddddddddddddddd8888999999999999999, AlaramRaisedMaxValue=, SerialNumberEdit=, TCName=TC39_Verification of breaching the Max character limit in Group Name Text field in the Identity section of User Add screen by Super admin/Admin user, Items Per Page=, DeviceActiveMinValue=, MaximumServerNodeAdd=, BulkEdgeSearch=, ServerHostAddressEdit=, BulkAppNameSearchdeployment=, ServerPortEdit=, BulkAppGroupNameSearch=}, TC61_Verification of deployment creation only for single newly selected application during deployment={GroupNameSearch=, BulkAppNameVersionSearch=1.1.8, AlaramRaisedMinValue=, DeviceActiveMaxValue=, ItemsPerPage=, ServerHostAddressAdd=, Url=#/auth/login, TC Description=Verification of deployment creation only for single newly selected application during deployment, OnboardingCertificateFileUpload=, DescriptionAdd=, Userid=devendar.malothu@birlasoft.com, LocationAdd=, DeviceConnectedMinValue=, ServerPortAdd=, Password=Password@123, EdgeConfigurationUploadPath=, applicationGroupNameEdit=, MaximumServerNodeEdit=, AppGroupAdd=, DeviceConnectedMaxValue=, GroupNameAdd=, BulkAppEdgeGroupNameSearch=Permian Basin, GroupIDAdd=, AlaramRaisedMaxValue=, SerialNumberEdit=, TCName=TC61_Verification of deployment creation only for single newly selected application during deployment, Items Per Page=, DeviceActiveMinValue=, MaximumServerNodeAdd=, BulkEdgeSearch=ICO_120_0005, ServerHostAddressEdit=, BulkAppNameSearchdeployment=edgewellanalysis-app, ServerPortEdit=, BulkAppGroupNameSearch=Weatherford123}, TC119_Verification of tool tip text visibilty for Deploy button in Actions column={GroupNameSearch=, BulkAppNameVersionSearch=, AlaramRaisedMinValue=, DeviceActiveMaxValue=, ItemsPerPage=, ServerHostAddressAdd=, Url=#/auth/login, TC Description=Verification of tool tip text visibilty for Deploy button in Actions column, OnboardingCertificateFileUpload=, DescriptionAdd=, Userid=devendar.malothu@birlasoft.com, LocationAdd=, DeviceConnectedMinValue=, ServerPortAdd=, Password=Password@123, EdgeConfigurationUploadPath=, applicationGroupNameEdit=, MaximumServerNodeEdit=, AppGroupAdd=, DeviceConnectedMaxValue=, GroupNameAdd=, BulkAppEdgeGroupNameSearch=, GroupIDAdd=, AlaramRaisedMaxValue=, SerialNumberEdit=, TCName=TC119_Verification of tool tip text visibilty for Deploy button in Actions column, Items Per Page=, DeviceActiveMinValue=, MaximumServerNodeAdd=, BulkEdgeSearch=, ServerHostAddressEdit=, BulkAppNameSearchdeployment=, ServerPortEdit=, BulkAppGroupNameSearch=}, TC88_Verification of the accessible the page by using mobile network={GroupNameSearch=, BulkAppNameVersionSearch=, AlaramRaisedMinValue=, DeviceActiveMaxValue=, ItemsPerPage=, ServerHostAddressAdd=, Url=#/auth/login, TC Description=Verification of the accessible the page by using mobile network, OnboardingCertificateFileUpload=, DescriptionAdd=, Userid=devendar.malothu@birlasoft.com, LocationAdd=, DeviceConnectedMinValue=, ServerPortAdd=, Password=Password@123, EdgeConfigurationUploadPath=, applicationGroupNameEdit=, MaximumServerNodeEdit=, AppGroupAdd=, DeviceConnectedMaxValue=, GroupNameAdd=, BulkAppEdgeGroupNameSearch=, GroupIDAdd=, AlaramRaisedMaxValue=, SerialNumberEdit=, TCName=TC88_Verification of the accessible the page by using mobile network, Items Per Page=, DeviceActiveMinValue=, MaximumServerNodeAdd=, BulkEdgeSearch=, ServerHostAddressEdit=, BulkAppNameSearchdeployment=, ServerPortEdit=, BulkAppGroupNameSearch=}, TC139_Verification of ascending order sorting functionality for the table list={GroupNameSearch=, BulkAppNameVersionSearch=, AlaramRaisedMinValue=, DeviceActiveMaxValue=, ItemsPerPage=, ServerHostAddressAdd=, Url=#/auth/login, TC Description=Verification of ascending order sorting functionality for the table list, OnboardingCertificateFileUpload=, DescriptionAdd=, Userid=devendar.malothu@birlasoft.com, LocationAdd=, DeviceConnectedMinValue=, ServerPortAdd=, Password=Password@123, EdgeConfigurationUploadPath=, applicationGroupNameEdit=, MaximumServerNodeEdit=, AppGroupAdd=, DeviceConnectedMaxValue=, GroupNameAdd=, BulkAppEdgeGroupNameSearch=, GroupIDAdd=, AlaramRaisedMaxValue=, SerialNumberEdit=, TCName=TC139_Verification of ascending order sorting functionality for the table list, Items Per Page=, DeviceActiveMinValue=, MaximumServerNodeAdd=, BulkEdgeSearch=, ServerHostAddressEdit=, BulkAppNameSearchdeployment=, ServerPortEdit=, BulkAppGroupNameSearch=}, TC107_Verification of accessbility the filter icon for status={GroupNameSearch=, BulkAppNameVersionSearch=, AlaramRaisedMinValue=, DeviceActiveMaxValue=, ItemsPerPage=, ServerHostAddressAdd=, Url=#/auth/login, TC Description=Verification of accessbility the filter icon for status, OnboardingCertificateFileUpload=, DescriptionAdd=, Userid=devendar.malothu@birlasoft.com, LocationAdd=, DeviceConnectedMinValue=, ServerPortAdd=, Password=Password@123, EdgeConfigurationUploadPath=, applicationGroupNameEdit=, MaximumServerNodeEdit=, AppGroupAdd=, DeviceConnectedMaxValue=, GroupNameAdd=, BulkAppEdgeGroupNameSearch=, GroupIDAdd=, AlaramRaisedMaxValue=, SerialNumberEdit=, TCName=TC107_Verification of accessbility the filter icon for status, Items Per Page=, DeviceActiveMinValue=, MaximumServerNodeAdd=, BulkEdgeSearch=, ServerHostAddressEdit=, BulkAppNameSearchdeployment=, ServerPortEdit=, BulkAppGroupNameSearch=}, TC10_Verification of displaying the Edit screen in the EDGE Group module by Super admin/Admin user={GroupNameSearch=Permian Basin, BulkAppNameVersionSearch=, AlaramRaisedMinValue=, DeviceActiveMaxValue=, ItemsPerPage=, ServerHostAddressAdd=, Url=#/auth/login, TC Description=Verification of displaying the Edit screen in the EDGE Group module by Super admin/Admin user, OnboardingCertificateFileUpload=, DescriptionAdd=, Userid=devendar.malothu@birlasoft.com, LocationAdd=, DeviceConnectedMinValue=, ServerPortAdd=, Password=Password@123, EdgeConfigurationUploadPath=, applicationGroupNameEdit=, MaximumServerNodeEdit=, AppGroupAdd=, DeviceConnectedMaxValue=, GroupNameAdd=, BulkAppEdgeGroupNameSearch=, GroupIDAdd=, AlaramRaisedMaxValue=, SerialNumberEdit=, TCName=TC10_Verification of displaying the Edit screen in the EDGE Group module by Super admin/Admin user, Items Per Page=, DeviceActiveMinValue=, MaximumServerNodeAdd=, BulkEdgeSearch=, ServerHostAddressEdit=, BulkAppNameSearchdeployment=, ServerPortEdit=, BulkAppGroupNameSearch=}, TC64_Verification of error message verbaige for without entering details in ADD Screen={GroupNameSearch=, BulkAppNameVersionSearch=, AlaramRaisedMinValue=, DeviceActiveMaxValue=, ItemsPerPage=, ServerHostAddressAdd=, Url=#/auth/login, TC Description=Verification of error message verbaige for without entering details in ADD Screen, OnboardingCertificateFileUpload=, DescriptionAdd=, Userid=devendar.malothu@birlasoft.com, LocationAdd=, DeviceConnectedMinValue=, ServerPortAdd=, Password=Password@123, EdgeConfigurationUploadPath=, applicationGroupNameEdit=, MaximumServerNodeEdit=, AppGroupAdd=, DeviceConnectedMaxValue=, GroupNameAdd=, BulkAppEdgeGroupNameSearch=, GroupIDAdd=, AlaramRaisedMaxValue=, SerialNumberEdit=, TCName=TC64_Verification of error message verbaige for without entering details in ADD Screen, Items Per Page=, DeviceActiveMinValue=, MaximumServerNodeAdd=, BulkEdgeSearch=, ServerHostAddressEdit=, BulkAppNameSearchdeployment=, ServerPortEdit=, BulkAppGroupNameSearch=}, TC03_Verification of displaying the EDGE Group table details after clicking on EDGE Group module option from side menu bar by Super admin/Admin user={GroupNameSearch=, BulkAppNameVersionSearch=, AlaramRaisedMinValue=, DeviceActiveMaxValue=, ItemsPerPage=, ServerHostAddressAdd=, Url=#/auth/login, TC Description=Verification of displaying the EDGE Group table details after clicking on EDGE Group module option from side menu bar by Super admin/Admin user, OnboardingCertificateFileUpload=, DescriptionAdd=, Userid=devendar.malothu@birlasoft.com, LocationAdd=, DeviceConnectedMinValue=, ServerPortAdd=, Password=Password@123, EdgeConfigurationUploadPath=, applicationGroupNameEdit=, MaximumServerNodeEdit=, AppGroupAdd=, DeviceConnectedMaxValue=, GroupNameAdd=, BulkAppEdgeGroupNameSearch=, GroupIDAdd=, AlaramRaisedMaxValue=, SerialNumberEdit=, TCName=TC03_Verification of displaying the EDGE Group table details after clicking on EDGE Group module option from side menu bar by Super admin/Admin user, Items Per Page=, DeviceActiveMinValue=, MaximumServerNodeAdd=, BulkEdgeSearch=, ServerHostAddressEdit=, BulkAppNameSearchdeployment=, ServerPortEdit=, BulkAppGroupNameSearch=}, TC25_Verification of the search functionality for Group Name column (Invalid Group Name) in the EDGE Group List screen by Super admin/Admin user={GroupNameSearch=Permian Basin, BulkAppNameVersionSearch=, AlaramRaisedMinValue=, DeviceActiveMaxValue=, ItemsPerPage=, ServerHostAddressAdd=, Url=#/auth/login, TC Description=Verification of the search functionality for Group Name column (Invalid Group Name) in the EDGE Group List screen by Super admin/Admin user, OnboardingCertificateFileUpload=, DescriptionAdd=, Userid=devendar.malothu@birlasoft.com, LocationAdd=, DeviceConnectedMinValue=, ServerPortAdd=, Password=Password@123, EdgeConfigurationUploadPath=, applicationGroupNameEdit=, MaximumServerNodeEdit=, AppGroupAdd=, DeviceConnectedMaxValue=, GroupNameAdd=, BulkAppEdgeGroupNameSearch=, GroupIDAdd=, AlaramRaisedMaxValue=, SerialNumberEdit=, TCName=TC25_Verification of the search functionality for Group Name column (Invalid Group Name) in the EDGE Group List screen by Super admin/Admin user, Items Per Page=, DeviceActiveMinValue=, MaximumServerNodeAdd=, BulkEdgeSearch=, ServerHostAddressEdit=, BulkAppNameSearchdeployment=, ServerPortEdit=, BulkAppGroupNameSearch=}, TC69_Verification of alignment for all the input text fields in ADD Screen={GroupNameSearch=, BulkAppNameVersionSearch=, AlaramRaisedMinValue=11, DeviceActiveMaxValue=, ItemsPerPage=, ServerHostAddressAdd=, Url=#/auth/login, TC Description=Verfication of alignment for all the input text fields in ADD Screen, OnboardingCertificateFileUpload=, DescriptionAdd=, Userid=devendar.malothu@birlasoft.com, LocationAdd=, DeviceConnectedMinValue=, ServerPortAdd=, Password=Password@123, EdgeConfigurationUploadPath=, applicationGroupNameEdit=, MaximumServerNodeEdit=, AppGroupAdd=, DeviceConnectedMaxValue=, GroupNameAdd=, BulkAppEdgeGroupNameSearch=, GroupIDAdd=, AlaramRaisedMaxValue=, SerialNumberEdit=, TCName=TC69_Verification of alignment for all the input text fields in ADD Screen, Items Per Page=, DeviceActiveMinValue=, MaximumServerNodeAdd=, BulkEdgeSearch=, ServerHostAddressEdit=, BulkAppNameSearchdeployment=, ServerPortEdit=, BulkAppGroupNameSearch=}, TC33_Verification of blank value rejections in mandatory fields of deployment section in Add screen of EDGE Group module by Super admin/Admin user={GroupNameSearch=, BulkAppNameVersionSearch=, AlaramRaisedMinValue=, DeviceActiveMaxValue=, ItemsPerPage=, ServerHostAddressAdd=, Url=#/auth/login, TC Description=Verification of blank value rejections in mandatory fields of deployment section in Add screen of EDGE Group module by Super admin/Admin user, OnboardingCertificateFileUpload=, DescriptionAdd=, Userid=devendar.malothu@birlasoft.com, LocationAdd=, DeviceConnectedMinValue=, ServerPortAdd=, Password=Password@123, EdgeConfigurationUploadPath=, applicationGroupNameEdit=, MaximumServerNodeEdit=, AppGroupAdd=, DeviceConnectedMaxValue=, GroupNameAdd=, BulkAppEdgeGroupNameSearch=, GroupIDAdd=, AlaramRaisedMaxValue=, SerialNumberEdit=, TCName=TC33_Verification of blank value rejections in mandatory fields of deployment section in Add screen of EDGE Group module by Super admin/Admin user, Items Per Page=, DeviceActiveMinValue=, MaximumServerNodeAdd=, BulkEdgeSearch=, ServerHostAddressEdit=, BulkAppNameSearchdeployment=, ServerPortEdit=, BulkAppGroupNameSearch=}, TC44_Verification of selection of the from Delink EDGE Device drop down in the Configuration section of User Add screen by Super admin/Admin user={GroupNameSearch=Permian Basin, BulkAppNameVersionSearch=, AlaramRaisedMinValue=, DeviceActiveMaxValue=, ItemsPerPage=, ServerHostAddressAdd=, Url=#/auth/login, TC Description=Verification of selection of the from Delink EDGE Group drop down in the Configuration section of User Add screen by Super admin/Admin user, OnboardingCertificateFileUpload=, DescriptionAdd=, Userid=devendar.malothu@birlasoft.com, LocationAdd=, DeviceConnectedMinValue=, ServerPortAdd=, Password=Password@123, EdgeConfigurationUploadPath=, applicationGroupNameEdit=, MaximumServerNodeEdit=, AppGroupAdd=, DeviceConnectedMaxValue=, GroupNameAdd=, BulkAppEdgeGroupNameSearch=, GroupIDAdd=, AlaramRaisedMaxValue=, SerialNumberEdit=, TCName=TC44_Verification of selection of the from Delink EDGE Device drop down in the Configuration section of User Add screen by Super admin/Admin user, Items Per Page=, DeviceActiveMinValue=, MaximumServerNodeAdd=, BulkEdgeSearch=, ServerHostAddressEdit=, BulkAppNameSearchdeployment=, ServerPortEdit=, BulkAppGroupNameSearch=}, TC54_Verification of multi select of the Active Application for deploy module of EDGE Group by Super admin/Admin user & Operator users={GroupNameSearch=, BulkAppNameVersionSearch=1.1.8, AlaramRaisedMinValue=, DeviceActiveMaxValue=, ItemsPerPage=, ServerHostAddressAdd=, Url=#/auth/login, TC Description=Verification of multi select of the Active Application for deploy module of EDGE Group by Super admin/Admin user & Operator users, OnboardingCertificateFileUpload=, DescriptionAdd=, Userid=devendar.malothu@birlasoft.com, LocationAdd=, DeviceConnectedMinValue=, ServerPortAdd=, Password=Password@123, EdgeConfigurationUploadPath=, applicationGroupNameEdit=, MaximumServerNodeEdit=, AppGroupAdd=, DeviceConnectedMaxValue=, GroupNameAdd=, BulkAppEdgeGroupNameSearch=Permian Basin, GroupIDAdd=, AlaramRaisedMaxValue=, SerialNumberEdit=, TCName=TC54_Verification of multi select of the Active Application for deploy module of EDGE Group by Super admin/Admin user & Operator users, Items Per Page=, DeviceActiveMinValue=, MaximumServerNodeAdd=, BulkEdgeSearch=ICO_120_0005, ServerHostAddressEdit=, BulkAppNameSearchdeployment=, ServerPortEdit=, BulkAppGroupNameSearch=Weatherford123}, TC41_Verification of selection of the from Application Group drop down in the Deployment section of User Add screen by Super admin/Admin user={GroupNameSearch=Permian Basin, BulkAppNameVersionSearch=, AlaramRaisedMinValue=Weatherford_AppGroup, DeviceActiveMaxValue=, ItemsPerPage=, ServerHostAddressAdd=, Url=#/auth/login, TC Description=Verification of selection of the from Application Group drop down in the Deployment section of User Add screen by Super admin/Admin user, OnboardingCertificateFileUpload=, DescriptionAdd=, Userid=devendar.malothu@birlasoft.com, LocationAdd=, DeviceConnectedMinValue=, ServerPortAdd=, Password=Password@123, EdgeConfigurationUploadPath=, applicationGroupNameEdit=Weatherford123, MaximumServerNodeEdit=1, AppGroupAdd=, DeviceConnectedMaxValue=, GroupNameAdd=, BulkAppEdgeGroupNameSearch=, GroupIDAdd=, AlaramRaisedMaxValue=, SerialNumberEdit=, TCName=TC41_Verification of selection of the from Application Group drop down in the Deployment section of User Add screen by Super admin/Admin user, Items Per Page=, DeviceActiveMinValue=, MaximumServerNodeAdd=, BulkEdgeSearch=, ServerHostAddressEdit=, BulkAppNameSearchdeployment=, ServerPortEdit=8080, BulkAppGroupNameSearch=}, TC47_Verification of upload of onboarding EDGE Configuration in Registration section in Edit screen of EDGE Group Edit module by Super admin/Admin user={GroupNameSearch=Permian Basin, BulkAppNameVersionSearch=, AlaramRaisedMinValue=, DeviceActiveMaxValue=, ItemsPerPage=, ServerHostAddressAdd=, Url=#/auth/login, TC Description=Verification of upload of onboarding EDGE Configuration in Registration section in Add screen of EDGE Group add module by Super admin/Admin user, OnboardingCertificateFileUpload=E:\Devendra\cdm\CDMCucumber\CDMProject\src\test\resources\TestData\onboard.cert.pem, DescriptionAdd=, Userid=devendar.malothu@birlasoft.com, LocationAdd=, DeviceConnectedMinValue=, ServerPortAdd=, Password=Password@123, EdgeConfigurationUploadPath=, applicationGroupNameEdit=, MaximumServerNodeEdit=, AppGroupAdd=, DeviceConnectedMaxValue=, GroupNameAdd=, BulkAppEdgeGroupNameSearch=, GroupIDAdd=, AlaramRaisedMaxValue=, SerialNumberEdit=12, TCName=TC47_Verification of upload of onboarding EDGE Configuration in Registration section in Edit screen of EDGE Group Edit module by Super admin/Admin user, Items Per Page=, DeviceActiveMinValue=, MaximumServerNodeAdd=, BulkEdgeSearch=, ServerHostAddressEdit=, BulkAppNameSearchdeployment=, ServerPortEdit=, BulkAppGroupNameSearch=}, TC76_Verification of standarize text format for error message below Server port text field={GroupNameSearch=, BulkAppNameVersionSearch=, AlaramRaisedMinValue=EdgeGroup23052024003657, DeviceActiveMaxValue=111.123.123, ItemsPerPage=8080, ServerHostAddressAdd=, Url=#/auth/login, TC Description=Verification of standarize text format for error message below Server port text field, OnboardingCertificateFileUpload=, DescriptionAdd=, Userid=devendar.malothu@birlasoft.com, LocationAdd=, DeviceConnectedMinValue=This is for test purpose, ServerPortAdd=, Password=Password@123, EdgeConfigurationUploadPath=, applicationGroupNameEdit=, MaximumServerNodeEdit=, AppGroupAdd=, DeviceConnectedMaxValue=ForeSiteEdge, GroupNameAdd=, BulkAppEdgeGroupNameSearch=, GroupIDAdd=, AlaramRaisedMaxValue=Houston, SerialNumberEdit=, TCName=TC76_Verification of standarize text format for error message below Server port text field, Items Per Page=, DeviceActiveMinValue=2, MaximumServerNodeAdd=, BulkEdgeSearch=, ServerHostAddressEdit=, BulkAppNameSearchdeployment=, ServerPortEdit=, BulkAppGroupNameSearch=}, TC116_Verification of tool tip text visibilty for Status={GroupNameSearch=, BulkAppNameVersionSearch=, AlaramRaisedMinValue=, DeviceActiveMaxValue=, ItemsPerPage=, ServerHostAddressAdd=, Url=#/auth/login, TC Description=Verification of tool tip text visibilty for Status, OnboardingCertificateFileUpload=, DescriptionAdd=, Userid=devendar.malothu@birlasoft.com, LocationAdd=, DeviceConnectedMinValue=, ServerPortAdd=, Password=Password@123, EdgeConfigurationUploadPath=, applicationGroupNameEdit=, MaximumServerNodeEdit=, AppGroupAdd=, DeviceConnectedMaxValue=, GroupNameAdd=, BulkAppEdgeGroupNameSearch=, GroupIDAdd=, AlaramRaisedMaxValue=, SerialNumberEdit=, TCName=TC116_Verification
[...]
, Userid=devendar.malothu@birlasoft.com, LocationAdd=, DeviceConnectedMinValue=, ServerPortAdd=, Password=Password@123, EdgeConfigurationUploadPath=, applicationGroupNameEdit=, MaximumServerNodeEdit=, AppGroupAdd=, DeviceConnectedMaxValue=, GroupNameAdd=, BulkAppEdgeGroupNameSearch=, GroupIDAdd=, AlaramRaisedMaxValue=, SerialNumberEdit=, TCName=TC118_Verification of tool tip text visibilty for Delete functionality button in Actions column, Items Per Page=, DeviceActiveMinValue=, MaximumServerNodeAdd=, BulkEdgeSearch=, ServerHostAddressEdit=, BulkAppNameSearchdeployment=, ServerPortEdit=, BulkAppGroupNameSearch=}, TC42_Verification of Maximum Server Nodes drop down in the deployment section of User Edit screen by Super admin/Admin user={GroupNameSearch=Permian Basin, BulkAppNameVersionSearch=, AlaramRaisedMinValue=, DeviceActiveMaxValue=, ItemsPerPage=, ServerHostAddressAdd=, Url=#/auth/login, TC Description=Verification of Maximum Server Nodes drop down in the deployment section of User Edit screen by Super admin/Admin user, OnboardingCertificateFileUpload=, DescriptionAdd=, Userid=devendar.malothu@birlasoft.com, LocationAdd=, DeviceConnectedMinValue=, ServerPortAdd=, Password=Password@123, EdgeConfigurationUploadPath=, applicationGroupNameEdit=, MaximumServerNodeEdit=, AppGroupAdd=, DeviceConnectedMaxValue=, GroupNameAdd=, BulkAppEdgeGroupNameSearch=, GroupIDAdd=, AlaramRaisedMaxValue=, SerialNumberEdit=, TCName=TC42_Verification of Maximum Server Nodes drop down in the deployment section of User Edit screen by Super admin/Admin user, Items Per Page=, DeviceActiveMinValue=11, MaximumServerNodeAdd=, BulkEdgeSearch=, ServerHostAddressEdit=, BulkAppNameSearchdeployment=, ServerPortEdit=, BulkAppGroupNameSearch=}, TC60_Verification of deployment failure on wrong /empty Server Host Adress on EDGE Group={GroupNameSearch=, BulkAppNameVersionSearch=1.1.8, AlaramRaisedMinValue=, DeviceActiveMaxValue=, ItemsPerPage=, ServerHostAddressAdd=, Url=#/auth/login, TC Description=Verification of deployment failure on wrong /empty Server Host Adress on EDGE Group, OnboardingCertificateFileUpload=, DescriptionAdd=, Userid=devendar.malothu@birlasoft.com, LocationAdd=, DeviceConnectedMinValue=, ServerPortAdd=, Password=Password@123, EdgeConfigurationUploadPath=, applicationGroupNameEdit=, MaximumServerNodeEdit=, AppGroupAdd=, DeviceConnectedMaxValue=, GroupNameAdd=, BulkAppEdgeGroupNameSearch=Permian Basin, GroupIDAdd=, AlaramRaisedMaxValue=, SerialNumberEdit=, TCName=TC60_Verification of deployment failure on wrong /empty Server Host Adress on EDGE Group, Items Per Page=, DeviceActiveMinValue=, MaximumServerNodeAdd=, BulkEdgeSearch=ICO_120_0005, ServerHostAddressEdit=, BulkAppNameSearchdeployment=, ServerPortEdit=, BulkAppGroupNameSearch=Weatherford123}, TC95_Verification of check filter icon visibility for Status column={GroupNameSearch=, BulkAppNameVersionSearch=, AlaramRaisedMinValue=, DeviceActiveMaxValue=, ItemsPerPage=, ServerHostAddressAdd=, Url=#/auth/login, TC Description=Verification of check filter icon visibility for Status column, OnboardingCertificateFileUpload=, DescriptionAdd=, Userid=devendar.malothu@birlasoft.com, LocationAdd=, DeviceConnectedMinValue=, ServerPortAdd=, Password=Password@123, EdgeConfigurationUploadPath=, applicationGroupNameEdit=, MaximumServerNodeEdit=, AppGroupAdd=, DeviceConnectedMaxValue=, GroupNameAdd=, BulkAppEdgeGroupNameSearch=, GroupIDAdd=, AlaramRaisedMaxValue=, SerialNumberEdit=, TCName=TC95_Verification of check filter icon visibility for Status column, Items Per Page=, DeviceActiveMinValue=, MaximumServerNodeAdd=, BulkEdgeSearch=, ServerHostAddressEdit=, BulkAppNameSearchdeployment=, ServerPortEdit=, BulkAppGroupNameSearch=}, TC97_Verification of visibilty the input field format={GroupNameSearch=, BulkAppNameVersionSearch=, AlaramRaisedMinValue=, DeviceActiveMaxValue=, ItemsPerPage=, ServerHostAddressAdd=, Url=#/auth/login, TC Description=Verfication of visibilty the input field format, OnboardingCertificateFileUpload=, DescriptionAdd=, Userid=devendar.malothu@birlasoft.com, LocationAdd=, DeviceConnectedMinValue=, ServerPortAdd=, Password=Password@123, EdgeConfigurationUploadPath=, applicationGroupNameEdit=, MaximumServerNodeEdit=, AppGroupAdd=, DeviceConnectedMaxValue=, GroupNameAdd=, BulkAppEdgeGroupNameSearch=, GroupIDAdd=, AlaramRaisedMaxValue=, SerialNumberEdit=, TCName=TC97_Verification of visibilty the input field format, Items Per Page=, DeviceActiveMinValue=, MaximumServerNodeAdd=, BulkEdgeSearch=, ServerHostAddressEdit=, BulkAppNameSearchdeployment=, ServerPortEdit=, BulkAppGroupNameSearch=}, TC99_Verification of loading properly in slow network={GroupNameSearch=, BulkAppNameVersionSearch=, AlaramRaisedMinValue=, DeviceActiveMaxValue=, ItemsPerPage=, ServerHostAddressAdd=, Url=#/auth/login, TC Description=Verfication of loading properly in slow network, OnboardingCertificateFileUpload=, DescriptionAdd=, Userid=devendar.malothu@birlasoft.com, LocationAdd=, DeviceConnectedMinValue=, ServerPortAdd=, Password=Password@123, EdgeConfigurationUploadPath=, applicationGroupNameEdit=, MaximumServerNodeEdit=, AppGroupAdd=, DeviceConnectedMaxValue=, GroupNameAdd=, BulkAppEdgeGroupNameSearch=, GroupIDAdd=, AlaramRaisedMaxValue=, SerialNumberEdit=, TCName=TC99_Verification of loading properly in slow network, Items Per Page=, DeviceActiveMinValue=, MaximumServerNodeAdd=, BulkEdgeSearch=, ServerHostAddressEdit=, BulkAppNameSearchdeployment=, ServerPortEdit=, BulkAppGroupNameSearch=}, TC124_Verification to check the tool tip text visibilty for Input text field Identity card in EDIT Screen={GroupNameSearch=, BulkAppNameVersionSearch=, AlaramRaisedMinValue=, DeviceActiveMaxValue=, ItemsPerPage=, ServerHostAddressAdd=, Url=#/auth/login, TC Description=Verification to check the tool tip text visibilty for Input text field Identity card in EDIT Screen, OnboardingCertificateFileUpload=, DescriptionAdd=, Userid=devendar.malothu@birlasoft.com, LocationAdd=, DeviceConnectedMinValue=, ServerPortAdd=, Password=Password@123, EdgeConfigurationUploadPath=, applicationGroupNameEdit=, MaximumServerNodeEdit=, AppGroupAdd=, DeviceConnectedMaxValue=, GroupNameAdd=, BulkAppEdgeGroupNameSearch=, GroupIDAdd=, AlaramRaisedMaxValue=, SerialNumberEdit=, TCName=TC124_Verification to check the tool tip text visibilty for Input text field Identity card in EDIT Screen, Items Per Page=, DeviceActiveMinValue=, MaximumServerNodeAdd=, BulkEdgeSearch=, ServerHostAddressEdit=, BulkAppNameSearchdeployment=, ServerPortEdit=, BulkAppGroupNameSearch=}, TC26_Verification of the search functionality for Status column (Valid Status entry) in the EDGE Group List screen by Super admin/Admin user={GroupNameSearch=Permian Basin, BulkAppNameVersionSearch=, AlaramRaisedMinValue=, DeviceActiveMaxValue=, ItemsPerPage=, ServerHostAddressAdd=, Url=#/auth/login, TC Description=Verification of the search functionality for Status column (Valid Status entry) in the EDGE Group List screen by Super admin/Admin user, OnboardingCertificateFileUpload=, DescriptionAdd=, Userid=devendar.malothu@birlasoft.com, LocationAdd=, DeviceConnectedMinValue=, ServerPortAdd=, Password=Password@123, EdgeConfigurationUploadPath=, applicationGroupNameEdit=, MaximumServerNodeEdit=, AppGroupAdd=, DeviceConnectedMaxValue=, GroupNameAdd=, BulkAppEdgeGroupNameSearch=, GroupIDAdd=, AlaramRaisedMaxValue=, SerialNumberEdit=, TCName=TC26_Verification of the search functionality for Status column (Valid Status entry) in the EDGE Group List screen by Super admin/Admin user, Items Per Page=, DeviceActiveMinValue=, MaximumServerNodeAdd=, BulkEdgeSearch=, ServerHostAddressEdit=, BulkAppNameSearchdeployment=, ServerPortEdit=, BulkAppGroupNameSearch=}, TC13_Verification of tooltip functionality for Edit icon in Actions column of the EDGE Group List screen by Super admin/Admin user={GroupNameSearch=, BulkAppNameVersionSearch=, AlaramRaisedMinValue=, DeviceActiveMaxValue=, ItemsPerPage=, ServerHostAddressAdd=, Url=#/auth/login, TC Description=Verification of tooltip functionality for Edit icon in Actions column of the EDGE Group List screen by Super admin/Admin user, OnboardingCertificateFileUpload=, DescriptionAdd=, Userid=devendar.malothu@birlasoft.com, LocationAdd=, DeviceConnectedMinValue=, ServerPortAdd=, Password=Password@123, EdgeConfigurationUploadPath=, applicationGroupNameEdit=, MaximumServerNodeEdit=, AppGroupAdd=, DeviceConnectedMaxValue=, GroupNameAdd=, BulkAppEdgeGroupNameSearch=, GroupIDAdd=, AlaramRaisedMaxValue=, SerialNumberEdit=, TCName=TC13_Verification of tooltip functionality for Edit icon in Actions column of the EDGE Group List screen by Super admin/Admin user, Items Per Page=, DeviceActiveMinValue=, MaximumServerNodeAdd=, BulkEdgeSearch=, ServerHostAddressEdit=, BulkAppNameSearchdeployment=, ServerPortEdit=, BulkAppGroupNameSearch=}, TC19_Verification of displaying the total number of records with pagination icons in the EDGE Group List screen by Super admin/Admin user={GroupNameSearch=, BulkAppNameVersionSearch=, AlaramRaisedMinValue=, DeviceActiveMaxValue=, ItemsPerPage=10, ServerHostAddressAdd=, Url=#/auth/login, TC Description=Verification of displaying the total number of records with pagination icons in the EDGE Group List screen by Super admin/Admin user, OnboardingCertificateFileUpload=, DescriptionAdd=, Userid=devendar.malothu@birlasoft.com, LocationAdd=, DeviceConnectedMinValue=, ServerPortAdd=, Password=Password@123, EdgeConfigurationUploadPath=, applicationGroupNameEdit=, MaximumServerNodeEdit=, AppGroupAdd=, DeviceConnectedMaxValue=, GroupNameAdd=, BulkAppEdgeGroupNameSearch=, GroupIDAdd=, AlaramRaisedMaxValue=, SerialNumberEdit=, TCName=TC19_Verification of displaying the total number of records with pagination icons in the EDGE Group List screen by Super admin/Admin user, Items Per Page=25, DeviceActiveMinValue=, MaximumServerNodeAdd=, BulkEdgeSearch=, ServerHostAddressEdit=, BulkAppNameSearchdeployment=, ServerPortEdit=, BulkAppGroupNameSearch=}, TC136_Verification to check the input text field format={GroupNameSearch=, BulkAppNameVersionSearch=, AlaramRaisedMinValue=, DeviceActiveMaxValue=, ItemsPerPage=, ServerHostAddressAdd=, Url=#/auth/login, TC Description=Verification to check the input text field format, OnboardingCertificateFileUpload=, DescriptionAdd=, Userid=devendar.malothu@birlasoft.com, LocationAdd=, DeviceConnectedMinValue=, ServerPortAdd=, Password=Password@123, EdgeConfigurationUploadPath=, applicationGroupNameEdit=, MaximumServerNodeEdit=, AppGroupAdd=, DeviceConnectedMaxValue=, GroupNameAdd=, BulkAppEdgeGroupNameSearch=, GroupIDAdd=, AlaramRaisedMaxValue=, SerialNumberEdit=, TCName=TC136_Verification to check the input text field format, Items Per Page=, DeviceActiveMinValue=, MaximumServerNodeAdd=, BulkEdgeSearch=, ServerHostAddressEdit=, BulkAppNameSearchdeployment=, ServerPortEdit=, BulkAppGroupNameSearch=}, TC132_Verification to check the multi select options while doing pagination={GroupNameSearch=, BulkAppNameVersionSearch=, AlaramRaisedMinValue=, DeviceActiveMaxValue=, ItemsPerPage=, ServerHostAddressAdd=, Url=#/auth/login, TC Description=Verification to check the multi select options while doing pagination, OnboardingCertificateFileUpload=, DescriptionAdd=, Userid=devendar.malothu@birlasoft.com, LocationAdd=, DeviceConnectedMinValue=, ServerPortAdd=, Password=Password@123, EdgeConfigurationUploadPath=, applicationGroupNameEdit=, MaximumServerNodeEdit=, AppGroupAdd=, DeviceConnectedMaxValue=, GroupNameAdd=, BulkAppEdgeGroupNameSearch=, GroupIDAdd=, AlaramRaisedMaxValue=, SerialNumberEdit=, TCName=TC132_Verification to check the multi select options while doing pagination, Items Per Page=, DeviceActiveMinValue=, MaximumServerNodeAdd=, BulkEdgeSearch=, ServerHostAddressEdit=, BulkAppNameSearchdeployment=, ServerPortEdit=, BulkAppGroupNameSearch=}}
I am in launchAppE:\Devendra\cdm\CDMCucumber\CDMProject\chromedriver\chromedriver.exe
  &amp#27;[32mGiven &amp#27;[0m&amp#27;[32mUser launch application in chrome browser&amp#27;[0m                                                                  &amp#27;[90m# com.cdm.Stepdefinations.Common.user_launch_application_in_chrome_browser()&amp#27;[0m
Login started
devendar.malothu@birlasoft.com
Password@123
  &amp#27;[32mWhen &amp#27;[0m&amp#27;[32muser enters credentials and click on login button&amp#27;[0m                                                           &amp#27;[90m# com.cdm.Stepdefinations.Common.user_enters_credentials_and_click_on_login_button()&amp#27;[0m
User is landing on Dashboard
  &amp#27;[32mThen &amp#27;[0m&amp#27;[32mland on the dashbord&amp#27;[0m                                                                                        &amp#27;[90m# com.cdm.Stepdefinations.EdgeGroupSteps.land_on_the_dashbord()&amp#27;[0m
  &amp#27;[32mAnd &amp#27;[0m&amp#27;[32mclick on EDGE Group&amp#27;[0m                                                                                          &amp#27;[90m# com.cdm.Stepdefinations.EdgeGroupSteps.click_on_edge_group()&amp#27;[0m
  &amp#27;[32mThen &amp#27;[0m&amp#27;[32mClick on three dots on Device Connected functionality&amp#27;[0m                                                       &amp#27;[90m# com.cdm.Stepdefinations.EdgeGroupSteps.click_on_three_dots_on_device_connected_functionality()&amp#27;[0m
  &amp#27;[32mThen &amp#27;[0m&amp#27;[32menter the value of Minimum searchbox for device connected&amp#27;[0m                                                   &amp#27;[90m# com.cdm.Stepdefinations.EdgeGroupSteps.enter_the_value_of_minimum_searchbox_for_device_connected()&amp#27;[0m
  &amp#27;[32mThen &amp#27;[0m&amp#27;[32menter the value of Maximum searchbox for device connected&amp#27;[0m                                                   &amp#27;[90m# com.cdm.Stepdefinations.EdgeGroupSteps.enter_the_value_of_maximum_searchbox_for_device_connected()&amp#27;[0m
  &amp#27;[32mThen &amp#27;[0m&amp#27;[32mClick on submit button&amp#27;[0m                                                                                      &amp#27;[90m# com.cdm.Stepdefinations.EdgeGroupSteps.click_on_submit_button()&amp#27;[0m
]]></system-out>
  </testcase>
  <testcase name="TC08_Verification of Application Deployment button functionality in the EDGE Group List screen by Super admin/Admin user" classname="EDGEGROUPS" time="13.076">
    <system-out><![CDATA[
@SheetEDGEGROUPS @Test
Scenario: TC08_Verification of Application Deployment button functionality in the EDGE Group List screen by Super admin/Admin user &amp#27;[90m# src/test/resources/Features/EDGEGroupsNew.feature:75&amp#27;[0m
I am tag Name@SheetEDGEGROUPS
I am in SheetEDGEGROUPS
I am tag Name@Test
I am in launchAppE:\Devendra\cdm\CDMCucumber\CDMProject\chromedriver\chromedriver.exe
  &amp#27;[32mGiven &amp#27;[0m&amp#27;[32mUser launch application in chrome browser&amp#27;[0m                                                                                  &amp#27;[90m# com.cdm.Stepdefinations.Common.user_launch_application_in_chrome_browser()&amp#27;[0m
Login started
devendar.malothu@birlasoft.com
Password@123
  &amp#27;[32mWhen &amp#27;[0m&amp#27;[32muser enters credentials and click on login button&amp#27;[0m                                                                           &amp#27;[90m# com.cdm.Stepdefinations.Common.user_enters_credentials_and_click_on_login_button()&amp#27;[0m
  &amp#27;[32mAnd &amp#27;[0m&amp#27;[32mClick on EDGE Group module from side menu bar&amp#27;[0m                                                                                &amp#27;[90m# com.cdm.Stepdefinations.EdgeGroupSteps.click_on_edge_group_module_from_side_menu_bar()&amp#27;[0m
  &amp#27;[32mAnd &amp#27;[0m&amp#27;[32mclick on App Deployment button EDGE Group&amp#27;[0m                                                                                    &amp#27;[90m# com.cdm.Stepdefinations.EdgeGroupSteps.click_on_app_deployment_button_edge_group()&amp#27;[0m
]]></system-out>
  </testcase>
  <testcase name="TC09_Verification of Bulk download button functionality in the EDGE Group List screen by Super admin/Admin user" classname="EDGEGROUPS" time="18.894">
    <system-out><![CDATA[
@SheetEDGEGROUPS @Test
Scenario: TC09_Verification of Bulk download button functionality in the EDGE Group List screen by Super admin/Admin user &amp#27;[90m# src/test/resources/Features/EDGEGroupsNew.feature:83&amp#27;[0m
I am tag Name@SheetEDGEGROUPS
I am in SheetEDGEGROUPS
I am tag Name@Test
I am in launchAppE:\Devendra\cdm\CDMCucumber\CDMProject\chromedriver\chromedriver.exe
  &amp#27;[32mGiven &amp#27;[0m&amp#27;[32mUser launch application in chrome browser&amp#27;[0m                                                                         &amp#27;[90m# com.cdm.Stepdefinations.Common.user_launch_application_in_chrome_browser()&amp#27;[0m
Login started
devendar.malothu@birlasoft.com
Password@123
  &amp#27;[32mWhen &amp#27;[0m&amp#27;[32muser enters credentials and click on login button&amp#27;[0m                                                                  &amp#27;[90m# com.cdm.Stepdefinations.Common.user_enters_credentials_and_click_on_login_button()&amp#27;[0m
  &amp#27;[32mAnd &amp#27;[0m&amp#27;[32mClick on EDGE Group module from side menu bar&amp#27;[0m                                                                       &amp#27;[90m# com.cdm.Stepdefinations.EdgeGroupSteps.click_on_edge_group_module_from_side_menu_bar()&amp#27;[0m
  &amp#27;[32mThen &amp#27;[0m&amp#27;[32mClick on Download icon button on the top right side&amp#27;[0m                                                                &amp#27;[90m# com.cdm.Stepdefinations.EdgeGroupSteps.click_on_download_icon_button_on_the_top_right_side()&amp#27;[0m
]]></system-out>
  </testcase>
  <testcase name="TC10_Verification of displaying the Edit screen in the EDGE Group module by Super admin/Admin user" classname="EDGEGROUPS" time="25.762">
    <system-out><![CDATA[
@SheetEDGEGROUPS @Test
Scenario: TC10_Verification of displaying the Edit screen in the EDGE Group module by Super admin/Admin user &amp#27;[90m# src/test/resources/Features/EDGEGroupsNew.feature:92&amp#27;[0m
I am tag Name@SheetEDGEGROUPS
I am in SheetEDGEGROUPS
I am tag Name@Test
I am in launchAppE:\Devendra\cdm\CDMCucumber\CDMProject\chromedriver\chromedriver.exe
  &amp#27;[32mGiven &amp#27;[0m&amp#27;[32mUser launch application in chrome browser&amp#27;[0m                                                            &amp#27;[90m# com.cdm.Stepdefinations.Common.user_launch_application_in_chrome_browser()&amp#27;[0m
Login started
devendar.malothu@birlasoft.com
Password@123
  &amp#27;[32mWhen &amp#27;[0m&amp#27;[32muser enters credentials and click on login button&amp#27;[0m                                                     &amp#27;[90m# com.cdm.Stepdefinations.Common.user_enters_credentials_and_click_on_login_button()&amp#27;[0m
  &amp#27;[32mAnd &amp#27;[0m&amp#27;[32mClick on EDGE Group module from side menu bar&amp#27;[0m                                                          &amp#27;[90m# com.cdm.Stepdefinations.EdgeGroupSteps.click_on_edge_group_module_from_side_menu_bar()&amp#27;[0m
  &amp#27;[32mThen &amp#27;[0m&amp#27;[32mClick on the three dots of GroupName&amp#27;[0m                                                                  &amp#27;[90m# com.cdm.Stepdefinations.EdgeGroupSteps.click_on_the_three_dots_of_group_name()&amp#27;[0m
  &amp#27;[32mThen &amp#27;[0m&amp#27;[32menter text in the field of GroupName&amp#27;[0m                                                                  &amp#27;[90m# com.cdm.Stepdefinations.EdgeGroupSteps.enter_text_in_the_field_of_group_name()&amp#27;[0m
  &amp#27;[32mThen &amp#27;[0m&amp#27;[32mClick on Edit Edge Group button&amp#27;[0m                                                                       &amp#27;[90m# com.cdm.Stepdefinations.EdgeGroupSteps.click_on_edit_edge_group_button()&amp#27;[0m
]]></system-out>
  </testcase>
</testsuite>